<?xml version="1.0" encoding="UTF-8"?>
<<<<<<< Updated upstream
<testsuite name="com.study01.springboot.web.HelloControllerTest" tests="2" skipped="0" failures="0" errors="0" timestamp="2022-06-30T02:59:27" hostname="DESKTOP-R8G7MVN" time="0.229">
  <properties/>
  <testcase name="hello가_리턴된다()" classname="com.study01.springboot.web.HelloControllerTest" time="0.099"/>
  <testcase name="helloDto가_리턴된다()" classname="com.study01.springboot.web.HelloControllerTest" time="0.127"/>
  <system-out><![CDATA[2022-06-30 11:59:25.960  INFO 20180 --- [    Test worker] .b.t.a.w.s.WebMvcTestContextBootstrapper : Neither @ContextConfiguration nor @ContextHierarchy found for test class [com.study01.springboot.web.HelloControllerTest], using SpringBootContextLoader
2022-06-30 11:59:25.960  INFO 20180 --- [    Test worker] o.s.t.c.support.AbstractContextLoader    : Could not detect default resource locations for test class [com.study01.springboot.web.HelloControllerTest]: no resource found for suffixes {-context.xml, Context.groovy}.
2022-06-30 11:59:25.960  INFO 20180 --- [    Test worker] t.c.s.AnnotationConfigContextLoaderUtils : Could not detect default configuration classes for test class [com.study01.springboot.web.HelloControllerTest]: HelloControllerTest does not declare any static, non-private, non-final, nested classes annotated with @Configuration.
2022-06-30 11:59:25.992  INFO 20180 --- [    Test worker] .b.t.c.SpringBootTestContextBootstrapper : Found @SpringBootConfiguration com.study01.springboot.Application for test class com.study01.springboot.web.HelloControllerTest
2022-06-30 11:59:25.992  INFO 20180 --- [    Test worker] .b.t.a.w.s.WebMvcTestContextBootstrapper : Loaded default TestExecutionListener class names from location [META-INF/spring.factories]: [org.springframework.security.test.context.support.WithSecurityContextTestExecutionListener, org.springframework.security.test.context.support.ReactorContextTestExecutionListener, org.springframework.boot.test.autoconfigure.restdocs.RestDocsTestExecutionListener, org.springframework.boot.test.autoconfigure.web.client.MockRestServiceServerResetTestExecutionListener, org.springframework.boot.test.autoconfigure.web.servlet.MockMvcPrintOnlyOnFailureTestExecutionListener, org.springframework.boot.test.autoconfigure.web.servlet.WebDriverTestExecutionListener, org.springframework.boot.test.autoconfigure.webservices.client.MockWebServiceServerTestExecutionListener, org.springframework.boot.test.mock.mockito.MockitoTestExecutionListener, org.springframework.boot.test.mock.mockito.ResetMocksTestExecutionListener, org.springframework.test.context.web.ServletTestExecutionListener, org.springframework.test.context.support.DirtiesContextBeforeModesTestExecutionListener, org.springframework.test.context.support.DependencyInjectionTestExecutionListener, org.springframework.test.context.support.DirtiesContextTestExecutionListener, org.springframework.test.context.transaction.TransactionalTestExecutionListener, org.springframework.test.context.jdbc.SqlScriptsTestExecutionListener, org.springframework.test.context.event.EventPublishingTestExecutionListener]
2022-06-30 11:59:25.992  INFO 20180 --- [    Test worker] .b.t.a.w.s.WebMvcTestContextBootstrapper : Using TestExecutionListeners: [org.springframework.test.context.web.ServletTestExecutionListener@7f63ea1f, org.springframework.test.context.support.DirtiesContextBeforeModesTestExecutionListener@7f910c7f, org.springframework.boot.test.mock.mockito.MockitoTestExecutionListener@10ad722e, org.springframework.boot.test.autoconfigure.SpringBootDependencyInjectionTestExecutionListener@1b98371b, org.springframework.test.context.support.DirtiesContextTestExecutionListener@7b4b1565, org.springframework.test.context.transaction.TransactionalTestExecutionListener@c4e0c87, org.springframework.test.context.jdbc.SqlScriptsTestExecutionListener@77893322, org.springframework.security.test.context.support.WithSecurityContextTestExecutionListener@2d73e227, org.springframework.test.context.event.EventPublishingTestExecutionListener@e303ad1, org.springframework.security.test.context.support.ReactorContextTestExecutionListener@726635a4, org.springframework.boot.test.autoconfigure.restdocs.RestDocsTestExecutionListener@4cc818e9, org.springframework.boot.test.autoconfigure.web.client.MockRestServiceServerResetTestExecutionListener@7e18a98d, org.springframework.boot.test.autoconfigure.web.servlet.MockMvcPrintOnlyOnFailureTestExecutionListener@71f1e22d, org.springframework.boot.test.autoconfigure.web.servlet.WebDriverTestExecutionListener@32f922a2, org.springframework.boot.test.autoconfigure.webservices.client.MockWebServiceServerTestExecutionListener@3efa7b44, org.springframework.boot.test.mock.mockito.ResetMocksTestExecutionListener@595e9d7]
=======
<testsuite name="com.study01.springboot.web.HelloControllerTest" tests="2" skipped="0" failures="0" errors="0" timestamp="2022-06-29T08:43:33" hostname="study01-springboot2-webservice.localhomain" time="0.924">
  <properties/>
  <testcase name="hello가_리턴된다()" classname="com.study01.springboot.web.HelloControllerTest" time="0.69"/>
  <testcase name="helloDto가_리턴된다()" classname="com.study01.springboot.web.HelloControllerTest" time="0.227"/>
  <system-out><![CDATA[17:43:26.799 [Test worker] DEBUG org.springframework.test.context.BootstrapUtils - Instantiating CacheAwareContextLoaderDelegate from class [org.springframework.test.context.cache.DefaultCacheAwareContextLoaderDelegate]
17:43:26.832 [Test worker] DEBUG org.springframework.test.context.BootstrapUtils - Instantiating BootstrapContext using constructor [public org.springframework.test.context.support.DefaultBootstrapContext(java.lang.Class,org.springframework.test.context.CacheAwareContextLoaderDelegate)]
17:43:26.943 [Test worker] DEBUG org.springframework.test.context.BootstrapUtils - Instantiating TestContextBootstrapper for test class [com.study01.springboot.web.HelloControllerTest] from class [org.springframework.boot.test.autoconfigure.web.servlet.WebMvcTestContextBootstrapper]
17:43:26.974 [Test worker] INFO org.springframework.boot.test.autoconfigure.web.servlet.WebMvcTestContextBootstrapper - Neither @ContextConfiguration nor @ContextHierarchy found for test class [com.study01.springboot.web.HelloControllerTest], using SpringBootContextLoader
17:43:26.980 [Test worker] DEBUG org.springframework.test.context.support.AbstractContextLoader - Did not detect default resource location for test class [com.study01.springboot.web.HelloControllerTest]: class path resource [com/study01/springboot/web/HelloControllerTest-context.xml] does not exist
17:43:26.980 [Test worker] DEBUG org.springframework.test.context.support.AbstractContextLoader - Did not detect default resource location for test class [com.study01.springboot.web.HelloControllerTest]: class path resource [com/study01/springboot/web/HelloControllerTestContext.groovy] does not exist
17:43:26.981 [Test worker] INFO org.springframework.test.context.support.AbstractContextLoader - Could not detect default resource locations for test class [com.study01.springboot.web.HelloControllerTest]: no resource found for suffixes {-context.xml, Context.groovy}.
17:43:26.981 [Test worker] INFO org.springframework.test.context.support.AnnotationConfigContextLoaderUtils - Could not detect default configuration classes for test class [com.study01.springboot.web.HelloControllerTest]: HelloControllerTest does not declare any static, non-private, non-final, nested classes annotated with @Configuration.
17:43:27.192 [Test worker] DEBUG org.springframework.test.context.support.ActiveProfilesUtils - Could not find an 'annotation declaring class' for annotation type [org.springframework.test.context.ActiveProfiles] and class [com.study01.springboot.web.HelloControllerTest]
17:43:27.337 [Test worker] DEBUG org.springframework.context.annotation.ClassPathScanningCandidateComponentProvider - Identified candidate component class: file [/home/ec2-user/app/step1/OAuth2/study01-springboot2-webservice/build/classes/java/main/com/study01/springboot/Application.class]
17:43:27.340 [Test worker] INFO org.springframework.boot.test.context.SpringBootTestContextBootstrapper - Found @SpringBootConfiguration com.study01.springboot.Application for test class com.study01.springboot.web.HelloControllerTest
17:43:27.349 [Test worker] DEBUG org.springframework.boot.test.autoconfigure.web.servlet.WebMvcTestContextBootstrapper - @TestExecutionListeners is not present for class [com.study01.springboot.web.HelloControllerTest]: using defaults.
17:43:27.353 [Test worker] INFO org.springframework.boot.test.autoconfigure.web.servlet.WebMvcTestContextBootstrapper - Loaded default TestExecutionListener class names from location [META-INF/spring.factories]: [org.springframework.security.test.context.support.WithSecurityContextTestExecutionListener, org.springframework.security.test.context.support.ReactorContextTestExecutionListener, org.springframework.boot.test.autoconfigure.restdocs.RestDocsTestExecutionListener, org.springframework.boot.test.autoconfigure.web.client.MockRestServiceServerResetTestExecutionListener, org.springframework.boot.test.autoconfigure.web.servlet.MockMvcPrintOnlyOnFailureTestExecutionListener, org.springframework.boot.test.autoconfigure.web.servlet.WebDriverTestExecutionListener, org.springframework.boot.test.autoconfigure.webservices.client.MockWebServiceServerTestExecutionListener, org.springframework.boot.test.mock.mockito.MockitoTestExecutionListener, org.springframework.boot.test.mock.mockito.ResetMocksTestExecutionListener, org.springframework.test.context.web.ServletTestExecutionListener, org.springframework.test.context.support.DirtiesContextBeforeModesTestExecutionListener, org.springframework.test.context.support.DependencyInjectionTestExecutionListener, org.springframework.test.context.support.DirtiesContextTestExecutionListener, org.springframework.test.context.transaction.TransactionalTestExecutionListener, org.springframework.test.context.jdbc.SqlScriptsTestExecutionListener, org.springframework.test.context.event.EventPublishingTestExecutionListener]
17:43:27.402 [Test worker] INFO org.springframework.boot.test.autoconfigure.web.servlet.WebMvcTestContextBootstrapper - Using TestExecutionListeners: [org.springframework.test.context.web.ServletTestExecutionListener@66b42aad, org.springframework.test.context.support.DirtiesContextBeforeModesTestExecutionListener@3a6b231e, org.springframework.boot.test.mock.mockito.MockitoTestExecutionListener@72c5d865, org.springframework.boot.test.autoconfigure.SpringBootDependencyInjectionTestExecutionListener@604a5e8f, org.springframework.test.context.support.DirtiesContextTestExecutionListener@276cf169, org.springframework.test.context.transaction.TransactionalTestExecutionListener@44fc4549, org.springframework.test.context.jdbc.SqlScriptsTestExecutionListener@1826bb43, org.springframework.security.test.context.support.WithSecurityContextTestExecutionListener@2aaa30ee, org.springframework.test.context.event.EventPublishingTestExecutionListener@6a8d7b6b, org.springframework.security.test.context.support.ReactorContextTestExecutionListener@4cfdad7e, org.springframework.boot.test.autoconfigure.restdocs.RestDocsTestExecutionListener@61aceb01, org.springframework.boot.test.autoconfigure.web.client.MockRestServiceServerResetTestExecutionListener@1a7a8a9a, org.springframework.boot.test.autoconfigure.web.servlet.MockMvcPrintOnlyOnFailureTestExecutionListener@1b2dec9d, org.springframework.boot.test.autoconfigure.web.servlet.WebDriverTestExecutionListener@3a9a34db, org.springframework.boot.test.autoconfigure.webservices.client.MockWebServiceServerTestExecutionListener@3c68346a, org.springframework.boot.test.mock.mockito.ResetMocksTestExecutionListener@72085727]
17:43:27.416 [Test worker] DEBUG org.springframework.test.context.support.AbstractDirtiesContextTestExecutionListener - Before test class: context [DefaultTestContext@e300664 testClass = HelloControllerTest, testInstance = [null], testMethod = [null], testException = [null], mergedContextConfiguration = [WebMergedContextConfiguration@54eb4dc2 testClass = HelloControllerTest, locations = '{}', classes = '{class com.study01.springboot.Application}', contextInitializerClasses = '[]', activeProfiles = '{}', propertySourceLocations = '{}', propertySourceProperties = '{org.springframework.boot.test.autoconfigure.web.servlet.WebMvcTestContextBootstrapper=true}', contextCustomizers = set[org.springframework.boot.test.autoconfigure.OverrideAutoConfigurationContextCustomizerFactory$DisableAutoConfigurationContextCustomizer@20d4fe29, org.springframework.boot.test.autoconfigure.actuate.metrics.MetricsExportContextCustomizerFactory$DisableMetricExportContextCustomizer@d0fd7c8, org.springframework.boot.test.autoconfigure.filter.TypeExcludeFiltersContextCustomizer@68dd22f0, org.springframework.boot.test.autoconfigure.properties.PropertyMappingContextCustomizer@f541b2ad, org.springframework.boot.test.autoconfigure.web.servlet.WebDriverContextCustomizerFactory$Customizer@152dbc50, [ImportsContextCustomizer@3a94e419 key = [org.springframework.boot.autoconfigure.cache.CacheAutoConfiguration, org.springframework.boot.autoconfigure.context.MessageSourceAutoConfiguration, org.springframework.boot.autoconfigure.data.web.SpringDataWebAutoConfiguration, org.springframework.boot.autoconfigure.freemarker.FreeMarkerAutoConfiguration, org.springframework.boot.autoconfigure.groovy.template.GroovyTemplateAutoConfiguration, org.springframework.boot.autoconfigure.gson.GsonAutoConfiguration, org.springframework.boot.autoconfigure.hateoas.HypermediaAutoConfiguration, org.springframework.boot.autoconfigure.http.HttpMessageConvertersAutoConfiguration, org.springframework.boot.autoconfigure.jackson.JacksonAutoConfiguration, org.springframework.boot.autoconfigure.jsonb.JsonbAutoConfiguration, org.springframework.boot.autoconfigure.mustache.MustacheAutoConfiguration, org.springframework.boot.autoconfigure.task.TaskExecutionAutoConfiguration, org.springframework.boot.autoconfigure.thymeleaf.ThymeleafAutoConfiguration, org.springframework.boot.autoconfigure.validation.ValidationAutoConfiguration, org.springframework.boot.autoconfigure.web.servlet.error.ErrorMvcAutoConfiguration, org.springframework.boot.autoconfigure.web.servlet.HttpEncodingAutoConfiguration, org.springframework.boot.autoconfigure.web.servlet.WebMvcAutoConfiguration, org.springframework.boot.test.autoconfigure.web.servlet.MockMvcAutoConfiguration, org.springframework.boot.test.autoconfigure.web.servlet.MockMvcWebClientAutoConfiguration, org.springframework.boot.test.autoconfigure.web.servlet.MockMvcWebDriverAutoConfiguration, org.springframework.boot.autoconfigure.security.oauth2.client.servlet.OAuth2ClientAutoConfiguration, org.springframework.boot.autoconfigure.security.oauth2.resource.servlet.OAuth2ResourceServerAutoConfiguration, org.springframework.boot.autoconfigure.security.servlet.SecurityAutoConfiguration, org.springframework.boot.autoconfigure.security.servlet.SecurityFilterAutoConfiguration, org.springframework.boot.autoconfigure.security.servlet.UserDetailsServiceAutoConfiguration, org.springframework.boot.test.autoconfigure.web.servlet.MockMvcSecurityConfiguration]], org.springframework.boot.test.context.filter.ExcludeFilterContextCustomizer@4470682e, org.springframework.boot.test.json.DuplicateJsonObjectContextCustomizerFactory$DuplicateJsonObjectContextCustomizer@6e1b1ffa, org.springframework.boot.test.mock.mockito.MockitoContextCustomizer@0, org.springframework.boot.test.context.SpringBootTestArgs@1, org.springframework.boot.test.context.SpringBootTestWebEnvironment@0], resourceBasePath = 'src/main/webapp', contextLoader = 'org.springframework.boot.test.context.SpringBootContextLoader', parent = [null]], attributes = map[[empty]]], class annotated with @DirtiesContext [false] with mode [null].
17:43:27.450 [Test worker] DEBUG org.springframework.test.context.support.DependencyInjectionTestExecutionListener - Performing dependency injection for test context [[DefaultTestContext@e300664 testClass = HelloControllerTest, testInstance = com.study01.springboot.web.HelloControllerTest@4bfb826d, testMethod = [null], testException = [null], mergedContextConfiguration = [WebMergedContextConfiguration@54eb4dc2 testClass = HelloControllerTest, locations = '{}', classes = '{class com.study01.springboot.Application}', contextInitializerClasses = '[]', activeProfiles = '{}', propertySourceLocations = '{}', propertySourceProperties = '{org.springframework.boot.test.autoconfigure.web.servlet.WebMvcTestContextBootstrapper=true}', contextCustomizers = set[org.springframework.boot.test.autoconfigure.OverrideAutoConfigurationContextCustomizerFactory$DisableAutoConfigurationContextCustomizer@20d4fe29, org.springframework.boot.test.autoconfigure.actuate.metrics.MetricsExportContextCustomizerFactory$DisableMetricExportContextCustomizer@d0fd7c8, org.springframework.boot.test.autoconfigure.filter.TypeExcludeFiltersContextCustomizer@68dd22f0, org.springframework.boot.test.autoconfigure.properties.PropertyMappingContextCustomizer@f541b2ad, org.springframework.boot.test.autoconfigure.web.servlet.WebDriverContextCustomizerFactory$Customizer@152dbc50, [ImportsContextCustomizer@3a94e419 key = [org.springframework.boot.autoconfigure.cache.CacheAutoConfiguration, org.springframework.boot.autoconfigure.context.MessageSourceAutoConfiguration, org.springframework.boot.autoconfigure.data.web.SpringDataWebAutoConfiguration, org.springframework.boot.autoconfigure.freemarker.FreeMarkerAutoConfiguration, org.springframework.boot.autoconfigure.groovy.template.GroovyTemplateAutoConfiguration, org.springframework.boot.autoconfigure.gson.GsonAutoConfiguration, org.springframework.boot.autoconfigure.hateoas.HypermediaAutoConfiguration, org.springframework.boot.autoconfigure.http.HttpMessageConvertersAutoConfiguration, org.springframework.boot.autoconfigure.jackson.JacksonAutoConfiguration, org.springframework.boot.autoconfigure.jsonb.JsonbAutoConfiguration, org.springframework.boot.autoconfigure.mustache.MustacheAutoConfiguration, org.springframework.boot.autoconfigure.task.TaskExecutionAutoConfiguration, org.springframework.boot.autoconfigure.thymeleaf.ThymeleafAutoConfiguration, org.springframework.boot.autoconfigure.validation.ValidationAutoConfiguration, org.springframework.boot.autoconfigure.web.servlet.error.ErrorMvcAutoConfiguration, org.springframework.boot.autoconfigure.web.servlet.HttpEncodingAutoConfiguration, org.springframework.boot.autoconfigure.web.servlet.WebMvcAutoConfiguration, org.springframework.boot.test.autoconfigure.web.servlet.MockMvcAutoConfiguration, org.springframework.boot.test.autoconfigure.web.servlet.MockMvcWebClientAutoConfiguration, org.springframework.boot.test.autoconfigure.web.servlet.MockMvcWebDriverAutoConfiguration, org.springframework.boot.autoconfigure.security.oauth2.client.servlet.OAuth2ClientAutoConfiguration, org.springframework.boot.autoconfigure.security.oauth2.resource.servlet.OAuth2ResourceServerAutoConfiguration, org.springframework.boot.autoconfigure.security.servlet.SecurityAutoConfiguration, org.springframework.boot.autoconfigure.security.servlet.SecurityFilterAutoConfiguration, org.springframework.boot.autoconfigure.security.servlet.UserDetailsServiceAutoConfiguration, org.springframework.boot.test.autoconfigure.web.servlet.MockMvcSecurityConfiguration]], org.springframework.boot.test.context.filter.ExcludeFilterContextCustomizer@4470682e, org.springframework.boot.test.json.DuplicateJsonObjectContextCustomizerFactory$DuplicateJsonObjectContextCustomizer@6e1b1ffa, org.springframework.boot.test.mock.mockito.MockitoContextCustomizer@0, org.springframework.boot.test.context.SpringBootTestArgs@1, org.springframework.boot.test.context.SpringBootTestWebEnvironment@0], resourceBasePath = 'src/main/webapp', contextLoader = 'org.springframework.boot.test.context.SpringBootContextLoader', parent = [null]], attributes = map[[empty]]]].
17:43:27.530 [Test worker] DEBUG org.springframework.test.context.support.TestPropertySourceUtils - Adding inlined properties to environment: {spring.jmx.enabled=false, org.springframework.boot.test.autoconfigure.web.servlet.WebMvcTestContextBootstrapper=true}
>>>>>>> Stashed changes

  .   ____          _            __ _ _
 /\\ / ___'_ __ _ _(_)_ __  __ _ \ \ \ \
( ( )\___ | '_ | '_| | '_ \/ _` | \ \ \ \
 \\/  ___)| |_)| | | | | || (_| |  ) ) ) )
  '  |____| .__|_| |_|_| |_\__, | / / / /
 =========|_|==============|___/=/_/_/_/
 :: Spring Boot ::                (v2.4.1)

<<<<<<< Updated upstream
2022-06-30 11:59:26.023  INFO 20180 --- [    Test worker] c.s.springboot.web.HelloControllerTest   : Starting HelloControllerTest using Java 1.8.0_321 on DESKTOP-R8G7MVN with PID 20180 (started by USER in D:\workspace\OAuth2\study01-springboot2-webservice)
2022-06-30 11:59:26.023  INFO 20180 --- [    Test worker] c.s.springboot.web.HelloControllerTest   : No active profile set, falling back to default profiles: default
2022-06-30 11:59:26.519  INFO 20180 --- [    Test worker] o.s.s.concurrent.ThreadPoolTaskExecutor  : Initializing ExecutorService 'applicationTaskExecutor'
2022-06-30 11:59:26.565  INFO 20180 --- [    Test worker] o.s.b.a.w.s.WelcomePageHandlerMapping    : Adding welcome page template: index
2022-06-30 11:59:26.973  INFO 20180 --- [    Test worker] o.s.s.web.DefaultSecurityFilterChain     : Will secure any request with [org.springframework.security.web.context.request.async.WebAsyncManagerIntegrationFilter@21bea957, org.springframework.security.web.context.SecurityContextPersistenceFilter@5fa840ca, org.springframework.security.web.header.HeaderWriterFilter@5b0adb28, org.springframework.security.web.csrf.CsrfFilter@3e48708d, org.springframework.security.web.authentication.logout.LogoutFilter@45ea75c, org.springframework.security.oauth2.client.web.OAuth2AuthorizationRequestRedirectFilter@43ea0815, org.springframework.security.oauth2.client.web.OAuth2AuthorizationRequestRedirectFilter@dcd9bd2, org.springframework.security.oauth2.client.web.OAuth2LoginAuthenticationFilter@4aa042d, org.springframework.security.web.authentication.ui.DefaultLoginPageGeneratingFilter@6b35c12e, org.springframework.security.web.authentication.ui.DefaultLogoutPageGeneratingFilter@3026d8cd, org.springframework.security.web.savedrequest.RequestCacheAwareFilter@6ad0ba9b, org.springframework.security.web.servletapi.SecurityContextHolderAwareRequestFilter@670eef72, org.springframework.security.web.authentication.AnonymousAuthenticationFilter@6f85fd88, org.springframework.security.oauth2.client.web.OAuth2AuthorizationCodeGrantFilter@7a04af1e, org.springframework.security.web.session.SessionManagementFilter@263b04dc, org.springframework.security.web.access.ExceptionTranslationFilter@5a2dec08, org.springframework.security.web.access.intercept.FilterSecurityInterceptor@3e750370]
2022-06-30 11:59:27.098  INFO 20180 --- [    Test worker] o.s.b.t.m.w.SpringBootMockServletContext : Initializing Spring TestDispatcherServlet ''
2022-06-30 11:59:27.098  INFO 20180 --- [    Test worker] o.s.t.web.servlet.TestDispatcherServlet  : Initializing Servlet ''
2022-06-30 11:59:27.098  INFO 20180 --- [    Test worker] o.s.t.web.servlet.TestDispatcherServlet  : Completed initialization in 0 ms
2022-06-30 11:59:27.114  INFO 20180 --- [    Test worker] c.s.springboot.web.HelloControllerTest   : Started HelloControllerTest in 1.119 seconds (JVM running for 11.02)
=======
2022-06-29 17:43:28.251  INFO 15114 --- [    Test worker] c.s.springboot.web.HelloControllerTest   : Starting HelloControllerTest using Java 1.8.0_312 on study01-springboot2-webservice.localhomain with PID 15114 (started by ec2-user in /home/ec2-user/app/step1/OAuth2/study01-springboot2-webservice)
2022-06-29 17:43:28.256  INFO 15114 --- [    Test worker] c.s.springboot.web.HelloControllerTest   : No active profile set, falling back to default profiles: default
2022-06-29 17:43:31.523  INFO 15114 --- [    Test worker] o.s.s.concurrent.ThreadPoolTaskExecutor  : Initializing ExecutorService 'applicationTaskExecutor'
2022-06-29 17:43:31.797  INFO 15114 --- [    Test worker] o.s.b.a.w.s.WelcomePageHandlerMapping    : Adding welcome page template: index
2022-06-29 17:43:33.004  INFO 15114 --- [    Test worker] o.s.s.web.DefaultSecurityFilterChain     : Will secure any request with [org.springframework.security.web.context.request.async.WebAsyncManagerIntegrationFilter@107757c9, org.springframework.security.web.context.SecurityContextPersistenceFilter@1373b2af, org.springframework.security.web.header.HeaderWriterFilter@70998694, org.springframework.security.web.csrf.CsrfFilter@3f14084f, org.springframework.security.web.authentication.logout.LogoutFilter@73bdd0f1, org.springframework.security.oauth2.client.web.OAuth2AuthorizationRequestRedirectFilter@641a2a99, org.springframework.security.oauth2.client.web.OAuth2AuthorizationRequestRedirectFilter@63665daf, org.springframework.security.oauth2.client.web.OAuth2LoginAuthenticationFilter@3e0828ee, org.springframework.security.web.authentication.ui.DefaultLoginPageGeneratingFilter@500a37e5, org.springframework.security.web.authentication.ui.DefaultLogoutPageGeneratingFilter@456c9b3e, org.springframework.security.web.savedrequest.RequestCacheAwareFilter@4b1f2226, org.springframework.security.web.servletapi.SecurityContextHolderAwareRequestFilter@41fa916d, org.springframework.security.web.authentication.AnonymousAuthenticationFilter@fea8ee3, org.springframework.security.oauth2.client.web.OAuth2AuthorizationCodeGrantFilter@4401d9a1, org.springframework.security.web.session.SessionManagementFilter@115f55ac, org.springframework.security.web.access.ExceptionTranslationFilter@429c84be, org.springframework.security.web.access.intercept.FilterSecurityInterceptor@208b95a5]
2022-06-29 17:43:33.263  INFO 15114 --- [    Test worker] o.s.b.t.m.w.SpringBootMockServletContext : Initializing Spring TestDispatcherServlet ''
2022-06-29 17:43:33.264  INFO 15114 --- [    Test worker] o.s.t.web.servlet.TestDispatcherServlet  : Initializing Servlet ''
2022-06-29 17:43:33.268  INFO 15114 --- [    Test worker] o.s.t.web.servlet.TestDispatcherServlet  : Completed initialization in 3 ms
2022-06-29 17:43:33.333  INFO 15114 --- [    Test worker] c.s.springboot.web.HelloControllerTest   : Started HelloControllerTest in 5.786 seconds (JVM running for 8.719)
>>>>>>> Stashed changes
]]></system-out>
  <system-err><![CDATA[]]></system-err>
</testsuite>
