<?xml version="1.0" encoding="UTF-8"?>
<testsuite name="com.study01.springboot.web.HelloControllerTest" tests="2" skipped="0" failures="0" errors="0" timestamp="2022-06-23T01:53:09" hostname="DESKTOP-R8G7MVN" time="0.219">
  <properties/>
  <testcase name="hello가_리턴된다()" classname="com.study01.springboot.web.HelloControllerTest" time="0.109"/>
  <testcase name="helloDto가_리턴된다()" classname="com.study01.springboot.web.HelloControllerTest" time="0.108"/>
  <system-out><![CDATA[2022-06-23 10:53:08.394  INFO 18284 --- [    Test worker] .b.t.a.w.s.WebMvcTestContextBootstrapper : Neither @ContextConfiguration nor @ContextHierarchy found for test class [com.study01.springboot.web.HelloControllerTest], using SpringBootContextLoader
2022-06-23 10:53:08.394  INFO 18284 --- [    Test worker] o.s.t.c.support.AbstractContextLoader    : Could not detect default resource locations for test class [com.study01.springboot.web.HelloControllerTest]: no resource found for suffixes {-context.xml, Context.groovy}.
2022-06-23 10:53:08.394  INFO 18284 --- [    Test worker] t.c.s.AnnotationConfigContextLoaderUtils : Could not detect default configuration classes for test class [com.study01.springboot.web.HelloControllerTest]: HelloControllerTest does not declare any static, non-private, non-final, nested classes annotated with @Configuration.
2022-06-23 10:53:08.429  INFO 18284 --- [    Test worker] .b.t.c.SpringBootTestContextBootstrapper : Found @SpringBootConfiguration com.study01.springboot.Application for test class com.study01.springboot.web.HelloControllerTest
2022-06-23 10:53:08.429  INFO 18284 --- [    Test worker] .b.t.a.w.s.WebMvcTestContextBootstrapper : Loaded default TestExecutionListener class names from location [META-INF/spring.factories]: [org.springframework.security.test.context.support.WithSecurityContextTestExecutionListener, org.springframework.security.test.context.support.ReactorContextTestExecutionListener, org.springframework.boot.test.autoconfigure.restdocs.RestDocsTestExecutionListener, org.springframework.boot.test.autoconfigure.web.client.MockRestServiceServerResetTestExecutionListener, org.springframework.boot.test.autoconfigure.web.servlet.MockMvcPrintOnlyOnFailureTestExecutionListener, org.springframework.boot.test.autoconfigure.web.servlet.WebDriverTestExecutionListener, org.springframework.boot.test.autoconfigure.webservices.client.MockWebServiceServerTestExecutionListener, org.springframework.boot.test.mock.mockito.MockitoTestExecutionListener, org.springframework.boot.test.mock.mockito.ResetMocksTestExecutionListener, org.springframework.test.context.web.ServletTestExecutionListener, org.springframework.test.context.support.DirtiesContextBeforeModesTestExecutionListener, org.springframework.test.context.support.DependencyInjectionTestExecutionListener, org.springframework.test.context.support.DirtiesContextTestExecutionListener, org.springframework.test.context.transaction.TransactionalTestExecutionListener, org.springframework.test.context.jdbc.SqlScriptsTestExecutionListener, org.springframework.test.context.event.EventPublishingTestExecutionListener]
2022-06-23 10:53:08.429  INFO 18284 --- [    Test worker] .b.t.a.w.s.WebMvcTestContextBootstrapper : Using TestExecutionListeners: [org.springframework.test.context.web.ServletTestExecutionListener@5d87bd49, org.springframework.test.context.support.DirtiesContextBeforeModesTestExecutionListener@21189a9f, org.springframework.boot.test.mock.mockito.MockitoTestExecutionListener@60da950, org.springframework.boot.test.autoconfigure.SpringBootDependencyInjectionTestExecutionListener@315177e7, org.springframework.test.context.support.DirtiesContextTestExecutionListener@515cf971, org.springframework.test.context.transaction.TransactionalTestExecutionListener@34754da7, org.springframework.test.context.jdbc.SqlScriptsTestExecutionListener@5fd92550, org.springframework.security.test.context.support.WithSecurityContextTestExecutionListener@650d9f03, org.springframework.test.context.event.EventPublishingTestExecutionListener@53ac65a2, org.springframework.security.test.context.support.ReactorContextTestExecutionListener@4d2a1205, org.springframework.boot.test.autoconfigure.restdocs.RestDocsTestExecutionListener@5bcf4d55, org.springframework.boot.test.autoconfigure.web.client.MockRestServiceServerResetTestExecutionListener@52b334a8, org.springframework.boot.test.autoconfigure.web.servlet.MockMvcPrintOnlyOnFailureTestExecutionListener@6282da29, org.springframework.boot.test.autoconfigure.web.servlet.WebDriverTestExecutionListener@7f255646, org.springframework.boot.test.autoconfigure.webservices.client.MockWebServiceServerTestExecutionListener@5ea11912, org.springframework.boot.test.mock.mockito.ResetMocksTestExecutionListener@15fc701a]

  .   ____          _            __ _ _
 /\\ / ___'_ __ _ _(_)_ __  __ _ \ \ \ \
( ( )\___ | '_ | '_| | '_ \/ _` | \ \ \ \
 \\/  ___)| |_)| | | | | || (_| |  ) ) ) )
  '  |____| .__|_| |_|_| |_\__, | / / / /
 =========|_|==============|___/=/_/_/_/
 :: Spring Boot ::                (v2.4.1)

2022-06-23 10:53:08.484  INFO 18284 --- [    Test worker] c.s.springboot.web.HelloControllerTest   : Starting HelloControllerTest using Java 11.0.14 on DESKTOP-R8G7MVN with PID 18284 (started by USER in D:\workspace\OAuth2\study01-springboot2-webservice)
2022-06-23 10:53:08.484  INFO 18284 --- [    Test worker] c.s.springboot.web.HelloControllerTest   : No active profile set, falling back to default profiles: default
2022-06-23 10:53:09.003  INFO 18284 --- [    Test worker] o.s.s.concurrent.ThreadPoolTaskExecutor  : Initializing ExecutorService 'applicationTaskExecutor'
2022-06-23 10:53:09.034  INFO 18284 --- [    Test worker] o.s.b.a.w.s.WelcomePageHandlerMapping    : Adding welcome page template: index
2022-06-23 10:53:09.378  INFO 18284 --- [    Test worker] o.s.s.web.DefaultSecurityFilterChain     : Will secure any request with [org.springframework.security.web.context.request.async.WebAsyncManagerIntegrationFilter@437e32d1, org.springframework.security.web.context.SecurityContextPersistenceFilter@16fb772a, org.springframework.security.web.header.HeaderWriterFilter@257b0155, org.springframework.security.web.csrf.CsrfFilter@67daaf71, org.springframework.security.web.authentication.logout.LogoutFilter@54402464, org.springframework.security.oauth2.client.web.OAuth2AuthorizationRequestRedirectFilter@893ac9a, org.springframework.security.oauth2.client.web.OAuth2AuthorizationRequestRedirectFilter@6ed4898d, org.springframework.security.oauth2.client.web.OAuth2LoginAuthenticationFilter@7f907a53, org.springframework.security.web.authentication.ui.DefaultLoginPageGeneratingFilter@6f2fcdb5, org.springframework.security.web.authentication.ui.DefaultLogoutPageGeneratingFilter@55c9aaf8, org.springframework.security.web.savedrequest.RequestCacheAwareFilter@456fd77e, org.springframework.security.web.servletapi.SecurityContextHolderAwareRequestFilter@38e3172f, org.springframework.security.web.authentication.AnonymousAuthenticationFilter@4a2ea537, org.springframework.security.oauth2.client.web.OAuth2AuthorizationCodeGrantFilter@54825fad, org.springframework.security.web.session.SessionManagementFilter@474af3c, org.springframework.security.web.access.ExceptionTranslationFilter@17e885fe, org.springframework.security.web.access.intercept.FilterSecurityInterceptor@688e29ee]
2022-06-23 10:53:09.488  INFO 18284 --- [    Test worker] o.s.b.t.m.w.SpringBootMockServletContext : Initializing Spring TestDispatcherServlet ''
2022-06-23 10:53:09.488  INFO 18284 --- [    Test worker] o.s.t.web.servlet.TestDispatcherServlet  : Initializing Servlet ''
2022-06-23 10:53:09.488  INFO 18284 --- [    Test worker] o.s.t.web.servlet.TestDispatcherServlet  : Completed initialization in 0 ms
2022-06-23 10:53:09.503  INFO 18284 --- [    Test worker] c.s.springboot.web.HelloControllerTest   : Started HelloControllerTest in 1.081 seconds (JVM running for 8.275)
]]></system-out>
  <system-err><![CDATA[]]></system-err>
</testsuite>
