<?xml version="1.0" encoding="UTF-8"?>
<testsuite name="com.study01.springboot.web.dto.HelloResponseDtoTest" tests="1" skipped="0" failures="0" errors="0" timestamp="2022-06-29T06:57:10" hostname="DESKTOP-R8G7MVN" time="0.004">
  <properties/>
  <testcase name="롬복_기능_테스트()" classname="com.study01.springboot.web.dto.HelloResponseDtoTest" time="0.004"/>
  <system-out><![CDATA[]]></system-out>
  <system-err><![CDATA[]]></system-err>
</testsuite>
