<?xml version="1.0" encoding="UTF-8"?>
<testsuite name="com.study01.springboot.web.IndexControllerTest" tests="1" skipped="0" failures="0" errors="0" timestamp="2022-06-29T08:03:45" hostname="DESKTOP-R8G7MVN" time="0.28">
  <properties/>
  <testcase name="메인페이지_로딩()" classname="com.study01.springboot.web.IndexControllerTest" time="0.28"/>
  <system-out><![CDATA[2022-06-29 17:03:43.005  INFO 11696 --- [    Test worker] .b.t.c.SpringBootTestContextBootstrapper : Neither @ContextConfiguration nor @ContextHierarchy found for test class [com.study01.springboot.web.IndexControllerTest], using SpringBootContextLoader
2022-06-29 17:03:43.005  INFO 11696 --- [    Test worker] o.s.t.c.support.AbstractContextLoader    : Could not detect default resource locations for test class [com.study01.springboot.web.IndexControllerTest]: no resource found for suffixes {-context.xml, Context.groovy}.
2022-06-29 17:03:43.005  INFO 11696 --- [    Test worker] t.c.s.AnnotationConfigContextLoaderUtils : Could not detect default configuration classes for test class [com.study01.springboot.web.IndexControllerTest]: IndexControllerTest does not declare any static, non-private, non-final, nested classes annotated with @Configuration.
2022-06-29 17:03:43.005  INFO 11696 --- [    Test worker] .b.t.c.SpringBootTestContextBootstrapper : Found @SpringBootConfiguration com.study01.springboot.Application for test class com.study01.springboot.web.IndexControllerTest
2022-06-29 17:03:43.005  INFO 11696 --- [    Test worker] .b.t.c.SpringBootTestContextBootstrapper : Loaded default TestExecutionListener class names from location [META-INF/spring.factories]: [org.springframework.security.test.context.support.WithSecurityContextTestExecutionListener, org.springframework.security.test.context.support.ReactorContextTestExecutionListener, org.springframework.boot.test.autoconfigure.restdocs.RestDocsTestExecutionListener, org.springframework.boot.test.autoconfigure.web.client.MockRestServiceServerResetTestExecutionListener, org.springframework.boot.test.autoconfigure.web.servlet.MockMvcPrintOnlyOnFailureTestExecutionListener, org.springframework.boot.test.autoconfigure.web.servlet.WebDriverTestExecutionListener, org.springframework.boot.test.autoconfigure.webservices.client.MockWebServiceServerTestExecutionListener, org.springframework.boot.test.mock.mockito.MockitoTestExecutionListener, org.springframework.boot.test.mock.mockito.ResetMocksTestExecutionListener, org.springframework.test.context.web.ServletTestExecutionListener, org.springframework.test.context.support.DirtiesContextBeforeModesTestExecutionListener, org.springframework.test.context.support.DependencyInjectionTestExecutionListener, org.springframework.test.context.support.DirtiesContextTestExecutionListener, org.springframework.test.context.transaction.TransactionalTestExecutionListener, org.springframework.test.context.jdbc.SqlScriptsTestExecutionListener, org.springframework.test.context.event.EventPublishingTestExecutionListener]
2022-06-29 17:03:43.005  INFO 11696 --- [    Test worker] .b.t.c.SpringBootTestContextBootstrapper : Using TestExecutionListeners: [org.springframework.test.context.web.ServletTestExecutionListener@25c64128, org.springframework.test.context.support.DirtiesContextBeforeModesTestExecutionListener@52b29bc6, org.springframework.boot.test.mock.mockito.MockitoTestExecutionListener@3accc2fb, org.springframework.boot.test.autoconfigure.SpringBootDependencyInjectionTestExecutionListener@7133d375, org.springframework.test.context.support.DirtiesContextTestExecutionListener@66eb037a, org.springframework.test.context.transaction.TransactionalTestExecutionListener@20c1d8ca, org.springframework.test.context.jdbc.SqlScriptsTestExecutionListener@7cc60d33, org.springframework.security.test.context.support.WithSecurityContextTestExecutionListener@1301d1a5, org.springframework.test.context.event.EventPublishingTestExecutionListener@2d4ff06c, org.springframework.security.test.context.support.ReactorContextTestExecutionListener@3e66a87, org.springframework.boot.test.autoconfigure.restdocs.RestDocsTestExecutionListener@4f05505d, org.springframework.boot.test.autoconfigure.web.client.MockRestServiceServerResetTestExecutionListener@52942ce1, org.springframework.boot.test.autoconfigure.web.servlet.MockMvcPrintOnlyOnFailureTestExecutionListener@8a7a4f, org.springframework.boot.test.autoconfigure.web.servlet.WebDriverTestExecutionListener@30088a8b, org.springframework.boot.test.autoconfigure.webservices.client.MockWebServiceServerTestExecutionListener@55eaa36f, org.springframework.boot.test.mock.mockito.ResetMocksTestExecutionListener@26ea6e17]

  .   ____          _            __ _ _
 /\\ / ___'_ __ _ _(_)_ __  __ _ \ \ \ \
( ( )\___ | '_ | '_| | '_ \/ _` | \ \ \ \
 \\/  ___)| |_)| | | | | || (_| |  ) ) ) )
  '  |____| .__|_| |_|_| |_\__, | / / / /
 =========|_|==============|___/=/_/_/_/
 :: Spring Boot ::                (v2.4.1)

2022-06-29 17:03:43.052  INFO 11696 --- [    Test worker] c.s.springboot.web.IndexControllerTest   : Starting IndexControllerTest using Java 1.8.0_321 on DESKTOP-R8G7MVN with PID 11696 (started by USER in D:\workspace\OAuth2\study01-springboot2-webservice)
2022-06-29 17:03:43.052  INFO 11696 --- [    Test worker] c.s.springboot.web.IndexControllerTest   : No active profile set, falling back to default profiles: default
2022-06-29 17:03:43.318  INFO 11696 --- [    Test worker] .s.d.r.c.RepositoryConfigurationDelegate : Bootstrapping Spring Data JPA repositories in DEFAULT mode.
2022-06-29 17:03:43.333  INFO 11696 --- [    Test worker] .s.d.r.c.RepositoryConfigurationDelegate : Finished Spring Data repository scanning in 21 ms. Found 2 JPA repository interfaces.
2022-06-29 17:03:43.751  INFO 11696 --- [    Test worker] o.s.b.w.embedded.tomcat.TomcatWebServer  : Tomcat initialized with port(s): 0 (http)
2022-06-29 17:03:43.772  INFO 11696 --- [    Test worker] o.apache.catalina.core.StandardService   : Starting service [Tomcat]
2022-06-29 17:03:43.772  INFO 11696 --- [    Test worker] org.apache.catalina.core.StandardEngine  : Starting Servlet engine: [Apache Tomcat/9.0.41]
2022-06-29 17:03:43.962  INFO 11696 --- [    Test worker] o.a.c.c.C.[Tomcat].[localhost].[/]       : Initializing Spring embedded WebApplicationContext
2022-06-29 17:03:43.962  INFO 11696 --- [    Test worker] w.s.c.ServletWebServerApplicationContext : Root WebApplicationContext: initialization completed in 910 ms
2022-06-29 17:03:44.024  INFO 11696 --- [    Test worker] com.zaxxer.hikari.HikariDataSource       : HikariPool-2 - Starting...
2022-06-29 17:03:44.024  INFO 11696 --- [    Test worker] com.zaxxer.hikari.HikariDataSource       : HikariPool-2 - Start completed.
2022-06-29 17:03:44.024  INFO 11696 --- [    Test worker] o.s.b.a.h2.H2ConsoleAutoConfiguration    : H2 console available at '/h2-console'. Database available at 'jdbc:h2:mem:testdb'
2022-06-29 17:03:44.228  INFO 11696 --- [    Test worker] o.hibernate.jpa.internal.util.LogHelper  : HHH000204: Processing PersistenceUnitInfo [name: default]
2022-06-29 17:03:44.228  INFO 11696 --- [    Test worker] org.hibernate.dialect.Dialect            : HHH000400: Using dialect: org.hibernate.dialect.MySQL57Dialect
Hibernate: drop table if exists posts
Hibernate: drop table if exists user
Hibernate: create table posts (id bigint not null auto_increment, created_date datetime(6), modified_date datetime(6), author varchar(255), content TEXT not null, title varchar(500) not null, primary key (id)) engine=InnoDB
Hibernate: create table user (id bigint not null auto_increment, created_date datetime(6), modified_date datetime(6), email varchar(255) not null, name varchar(255) not null, picture varchar(255), role varchar(255) not null, primary key (id)) engine=InnoDB
2022-06-29 17:03:44.311  INFO 11696 --- [    Test worker] o.h.e.t.j.p.i.JtaPlatformInitiator       : HHH000490: Using JtaPlatform implementation: [org.hibernate.engine.transaction.jta.platform.internal.NoJtaPlatform]
2022-06-29 17:03:44.311  INFO 11696 --- [    Test worker] j.LocalContainerEntityManagerFactoryBean : Initialized JPA EntityManagerFactory for persistence unit 'default'
2022-06-29 17:03:44.621  WARN 11696 --- [    Test worker] JpaBaseConfiguration$JpaWebConfiguration : spring.jpa.open-in-view is enabled by default. Therefore, database queries may be performed during view rendering. Explicitly configure spring.jpa.open-in-view to disable this warning
2022-06-29 17:03:44.886  INFO 11696 --- [    Test worker] o.s.s.web.DefaultSecurityFilterChain     : Will secure any request with [org.springframework.security.web.context.request.async.WebAsyncManagerIntegrationFilter@418ad25a, org.springframework.security.web.context.SecurityContextPersistenceFilter@64c4ef7e, org.springframework.security.web.header.HeaderWriterFilter@5b63af51, org.springframework.security.web.authentication.logout.LogoutFilter@2ba9b825, org.springframework.security.oauth2.client.web.OAuth2AuthorizationRequestRedirectFilter@3914a77e, org.springframework.security.oauth2.client.web.OAuth2LoginAuthenticationFilter@46f156be, org.springframework.security.web.authentication.ui.DefaultLoginPageGeneratingFilter@276d178f, org.springframework.security.web.authentication.ui.DefaultLogoutPageGeneratingFilter@353c64b5, org.springframework.security.web.savedrequest.RequestCacheAwareFilter@45f150c4, org.springframework.security.web.servletapi.SecurityContextHolderAwareRequestFilter@32e760c, org.springframework.security.web.authentication.AnonymousAuthenticationFilter@290f0a3b, org.springframework.security.web.session.SessionManagementFilter@d48660, org.springframework.security.web.access.ExceptionTranslationFilter@41ec0f05, org.springframework.security.web.access.intercept.FilterSecurityInterceptor@4b27fcb2]
2022-06-29 17:03:45.042  INFO 11696 --- [    Test worker] o.s.s.concurrent.ThreadPoolTaskExecutor  : Initializing ExecutorService 'applicationTaskExecutor'
2022-06-29 17:03:45.089  INFO 11696 --- [    Test worker] o.s.b.a.w.s.WelcomePageHandlerMapping    : Adding welcome page template: index
2022-06-29 17:03:45.390  INFO 11696 --- [    Test worker] o.s.b.w.embedded.tomcat.TomcatWebServer  : Tomcat started on port(s): 63393 (http) with context path ''
2022-06-29 17:03:45.398  INFO 11696 --- [    Test worker] s.a.ScheduledAnnotationBeanPostProcessor : No TaskScheduler/ScheduledExecutorService bean found for scheduled processing
2022-06-29 17:03:45.400  INFO 11696 --- [    Test worker] c.s.springboot.web.IndexControllerTest   : Started IndexControllerTest in 2.382 seconds (JVM running for 13.235)
2022-06-29 17:03:45.545  INFO 11696 --- [o-auto-1-exec-1] o.a.c.c.C.[Tomcat].[localhost].[/]       : Initializing Spring DispatcherServlet 'dispatcherServlet'
2022-06-29 17:03:45.545  INFO 11696 --- [o-auto-1-exec-1] o.s.web.servlet.DispatcherServlet        : Initializing Servlet 'dispatcherServlet'
2022-06-29 17:03:45.545  INFO 11696 --- [o-auto-1-exec-1] o.s.web.servlet.DispatcherServlet        : Completed initialization in 0 ms
Hibernate: select posts0_.id as id1_0_, posts0_.created_date as created_2_0_, posts0_.modified_date as modified3_0_, posts0_.author as author4_0_, posts0_.content as content5_0_, posts0_.title as title6_0_ from posts posts0_ order by posts0_.id DESC
]]></system-out>
  <system-err><![CDATA[]]></system-err>
</testsuite>
