<?xml version="1.0" encoding="UTF-8"?>
<testsuite name="com.study01.springboot.web.IndexControllerTest" tests="1" skipped="0" failures="0" errors="0" timestamp="2022-06-29T08:39:41" hostname="DESKTOP-R8G7MVN" time="0.17">
  <properties/>
  <testcase name="메인페이지_로딩()" classname="com.study01.springboot.web.IndexControllerTest" time="0.17"/>
  <system-out><![CDATA[2022-06-29 17:39:39.510  INFO 14892 --- [    Test worker] .b.t.c.SpringBootTestContextBootstrapper : Neither @ContextConfiguration nor @ContextHierarchy found for test class [com.study01.springboot.web.IndexControllerTest], using SpringBootContextLoader
2022-06-29 17:39:39.510  INFO 14892 --- [    Test worker] o.s.t.c.support.AbstractContextLoader    : Could not detect default resource locations for test class [com.study01.springboot.web.IndexControllerTest]: no resource found for suffixes {-context.xml, Context.groovy}.
2022-06-29 17:39:39.510  INFO 14892 --- [    Test worker] t.c.s.AnnotationConfigContextLoaderUtils : Could not detect default configuration classes for test class [com.study01.springboot.web.IndexControllerTest]: IndexControllerTest does not declare any static, non-private, non-final, nested classes annotated with @Configuration.
2022-06-29 17:39:39.510  INFO 14892 --- [    Test worker] .b.t.c.SpringBootTestContextBootstrapper : Found @SpringBootConfiguration com.study01.springboot.Application for test class com.study01.springboot.web.IndexControllerTest
2022-06-29 17:39:39.510  INFO 14892 --- [    Test worker] .b.t.c.SpringBootTestContextBootstrapper : Loaded default TestExecutionListener class names from location [META-INF/spring.factories]: [org.springframework.security.test.context.support.WithSecurityContextTestExecutionListener, org.springframework.security.test.context.support.ReactorContextTestExecutionListener, org.springframework.boot.test.autoconfigure.restdocs.RestDocsTestExecutionListener, org.springframework.boot.test.autoconfigure.web.client.MockRestServiceServerResetTestExecutionListener, org.springframework.boot.test.autoconfigure.web.servlet.MockMvcPrintOnlyOnFailureTestExecutionListener, org.springframework.boot.test.autoconfigure.web.servlet.WebDriverTestExecutionListener, org.springframework.boot.test.autoconfigure.webservices.client.MockWebServiceServerTestExecutionListener, org.springframework.boot.test.mock.mockito.MockitoTestExecutionListener, org.springframework.boot.test.mock.mockito.ResetMocksTestExecutionListener, org.springframework.test.context.web.ServletTestExecutionListener, org.springframework.test.context.support.DirtiesContextBeforeModesTestExecutionListener, org.springframework.test.context.support.DependencyInjectionTestExecutionListener, org.springframework.test.context.support.DirtiesContextTestExecutionListener, org.springframework.test.context.transaction.TransactionalTestExecutionListener, org.springframework.test.context.jdbc.SqlScriptsTestExecutionListener, org.springframework.test.context.event.EventPublishingTestExecutionListener]
2022-06-29 17:39:39.510  INFO 14892 --- [    Test worker] .b.t.c.SpringBootTestContextBootstrapper : Using TestExecutionListeners: [org.springframework.test.context.web.ServletTestExecutionListener@52942ce1, org.springframework.test.context.support.DirtiesContextBeforeModesTestExecutionListener@8a7a4f, org.springframework.boot.test.mock.mockito.MockitoTestExecutionListener@30088a8b, org.springframework.boot.test.autoconfigure.SpringBootDependencyInjectionTestExecutionListener@55eaa36f, org.springframework.test.context.support.DirtiesContextTestExecutionListener@26ea6e17, org.springframework.test.context.transaction.TransactionalTestExecutionListener@75613087, org.springframework.test.context.jdbc.SqlScriptsTestExecutionListener@1c9a072, org.springframework.security.test.context.support.WithSecurityContextTestExecutionListener@1b88aff, org.springframework.test.context.event.EventPublishingTestExecutionListener@7457d609, org.springframework.security.test.context.support.ReactorContextTestExecutionListener@84e250c, org.springframework.boot.test.autoconfigure.restdocs.RestDocsTestExecutionListener@44c8de47, org.springframework.boot.test.autoconfigure.web.client.MockRestServiceServerResetTestExecutionListener@1624b53, org.springframework.boot.test.autoconfigure.web.servlet.MockMvcPrintOnlyOnFailureTestExecutionListener@4bcf32e8, org.springframework.boot.test.autoconfigure.web.servlet.WebDriverTestExecutionListener@32d018d8, org.springframework.boot.test.autoconfigure.webservices.client.MockWebServiceServerTestExecutionListener@30e8c223, org.springframework.boot.test.mock.mockito.ResetMocksTestExecutionListener@23c32fbe]

  .   ____          _            __ _ _
 /\\ / ___'_ __ _ _(_)_ __  __ _ \ \ \ \
( ( )\___ | '_ | '_| | '_ \/ _` | \ \ \ \
 \\/  ___)| |_)| | | | | || (_| |  ) ) ) )
  '  |____| .__|_| |_|_| |_\__, | / / / /
 =========|_|==============|___/=/_/_/_/
 :: Spring Boot ::                (v2.4.1)

2022-06-29 17:39:39.541  INFO 14892 --- [    Test worker] c.s.springboot.web.IndexControllerTest   : Starting IndexControllerTest using Java 1.8.0_321 on DESKTOP-R8G7MVN with PID 14892 (started by USER in D:\workspace\OAuth2\study01-springboot2-webservice)
2022-06-29 17:39:39.541  INFO 14892 --- [    Test worker] c.s.springboot.web.IndexControllerTest   : No active profile set, falling back to default profiles: default
2022-06-29 17:39:39.728  INFO 14892 --- [    Test worker] .s.d.r.c.RepositoryConfigurationDelegate : Bootstrapping Spring Data JPA repositories in DEFAULT mode.
2022-06-29 17:39:39.744  INFO 14892 --- [    Test worker] .s.d.r.c.RepositoryConfigurationDelegate : Finished Spring Data repository scanning in 15 ms. Found 2 JPA repository interfaces.
2022-06-29 17:39:40.041  INFO 14892 --- [    Test worker] o.s.b.w.embedded.tomcat.TomcatWebServer  : Tomcat initialized with port(s): 0 (http)
2022-06-29 17:39:40.041  INFO 14892 --- [    Test worker] o.apache.catalina.core.StandardService   : Starting service [Tomcat]
2022-06-29 17:39:40.041  INFO 14892 --- [    Test worker] org.apache.catalina.core.StandardEngine  : Starting Servlet engine: [Apache Tomcat/9.0.41]
2022-06-29 17:39:40.197  INFO 14892 --- [    Test worker] o.a.c.c.C.[Tomcat].[localhost].[/]       : Initializing Spring embedded WebApplicationContext
2022-06-29 17:39:40.197  INFO 14892 --- [    Test worker] w.s.c.ServletWebServerApplicationContext : Root WebApplicationContext: initialization completed in 656 ms
2022-06-29 17:39:40.244  INFO 14892 --- [    Test worker] com.zaxxer.hikari.HikariDataSource       : HikariPool-2 - Starting...
2022-06-29 17:39:40.244  INFO 14892 --- [    Test worker] com.zaxxer.hikari.HikariDataSource       : HikariPool-2 - Start completed.
2022-06-29 17:39:40.244  INFO 14892 --- [    Test worker] o.s.b.a.h2.H2ConsoleAutoConfiguration    : H2 console available at '/h2-console'. Database available at 'jdbc:h2:mem:testdb'
2022-06-29 17:39:40.384  INFO 14892 --- [    Test worker] o.hibernate.jpa.internal.util.LogHelper  : HHH000204: Processing PersistenceUnitInfo [name: default]
2022-06-29 17:39:40.384  INFO 14892 --- [    Test worker] org.hibernate.dialect.Dialect            : HHH000400: Using dialect: org.hibernate.dialect.MySQL57Dialect
Hibernate: drop table if exists posts
Hibernate: drop table if exists user
Hibernate: create table posts (id bigint not null auto_increment, created_date datetime(6), modified_date datetime(6), author varchar(255), content TEXT not null, title varchar(500) not null, primary key (id)) engine=InnoDB
Hibernate: create table user (id bigint not null auto_increment, created_date datetime(6), modified_date datetime(6), email varchar(255) not null, name varchar(255) not null, picture varchar(255), role varchar(255) not null, primary key (id)) engine=InnoDB
2022-06-29 17:39:40.447  INFO 14892 --- [    Test worker] o.h.e.t.j.p.i.JtaPlatformInitiator       : HHH000490: Using JtaPlatform implementation: [org.hibernate.engine.transaction.jta.platform.internal.NoJtaPlatform]
2022-06-29 17:39:40.447  INFO 14892 --- [    Test worker] j.LocalContainerEntityManagerFactoryBean : Initialized JPA EntityManagerFactory for persistence unit 'default'
2022-06-29 17:39:40.712  WARN 14892 --- [    Test worker] JpaBaseConfiguration$JpaWebConfiguration : spring.jpa.open-in-view is enabled by default. Therefore, database queries may be performed during view rendering. Explicitly configure spring.jpa.open-in-view to disable this warning
2022-06-29 17:39:40.917  INFO 14892 --- [    Test worker] o.s.s.web.DefaultSecurityFilterChain     : Will secure any request with [org.springframework.security.web.context.request.async.WebAsyncManagerIntegrationFilter@75665287, org.springframework.security.web.context.SecurityContextPersistenceFilter@213f8ccf, org.springframework.security.web.header.HeaderWriterFilter@1b3747f3, org.springframework.security.web.authentication.logout.LogoutFilter@4b27fcb2, org.springframework.security.oauth2.client.web.OAuth2AuthorizationRequestRedirectFilter@7c3bffa, org.springframework.security.oauth2.client.web.OAuth2LoginAuthenticationFilter@377e0211, org.springframework.security.web.authentication.ui.DefaultLoginPageGeneratingFilter@bfe8c9e, org.springframework.security.web.authentication.ui.DefaultLogoutPageGeneratingFilter@11f338e5, org.springframework.security.web.savedrequest.RequestCacheAwareFilter@11b19e21, org.springframework.security.web.servletapi.SecurityContextHolderAwareRequestFilter@30984b3b, org.springframework.security.web.authentication.AnonymousAuthenticationFilter@bd5794e, org.springframework.security.web.session.SessionManagementFilter@79b84caa, org.springframework.security.web.access.ExceptionTranslationFilter@7db9b0f1, org.springframework.security.web.access.intercept.FilterSecurityInterceptor@1a1fcddb]
2022-06-29 17:39:41.026  INFO 14892 --- [    Test worker] o.s.s.concurrent.ThreadPoolTaskExecutor  : Initializing ExecutorService 'applicationTaskExecutor'
2022-06-29 17:39:41.073  INFO 14892 --- [    Test worker] o.s.b.a.w.s.WelcomePageHandlerMapping    : Adding welcome page template: index
2022-06-29 17:39:41.294  INFO 14892 --- [    Test worker] o.s.b.w.embedded.tomcat.TomcatWebServer  : Tomcat started on port(s): 64061 (http) with context path ''
2022-06-29 17:39:41.294  INFO 14892 --- [    Test worker] s.a.ScheduledAnnotationBeanPostProcessor : No TaskScheduler/ScheduledExecutorService bean found for scheduled processing
2022-06-29 17:39:41.294  INFO 14892 --- [    Test worker] c.s.springboot.web.IndexControllerTest   : Started IndexControllerTest in 1.781 seconds (JVM running for 9.269)
2022-06-29 17:39:41.388  INFO 14892 --- [o-auto-1-exec-1] o.a.c.c.C.[Tomcat].[localhost].[/]       : Initializing Spring DispatcherServlet 'dispatcherServlet'
2022-06-29 17:39:41.388  INFO 14892 --- [o-auto-1-exec-1] o.s.web.servlet.DispatcherServlet        : Initializing Servlet 'dispatcherServlet'
2022-06-29 17:39:41.388  INFO 14892 --- [o-auto-1-exec-1] o.s.web.servlet.DispatcherServlet        : Completed initialization in 0 ms
Hibernate: select posts0_.id as id1_0_, posts0_.created_date as created_2_0_, posts0_.modified_date as modified3_0_, posts0_.author as author4_0_, posts0_.content as content5_0_, posts0_.title as title6_0_ from posts posts0_ order by posts0_.id DESC
]]></system-out>
  <system-err><![CDATA[]]></system-err>
</testsuite>
