<?xml version="1.0" encoding="UTF-8"?>
<testsuite name="com.study01.springboot.web.HelloControllerTest" tests="2" skipped="0" failures="0" errors="0" timestamp="2022-06-29T08:03:42" hostname="DESKTOP-R8G7MVN" time="0.219">
  <properties/>
  <testcase name="hello가_리턴된다()" classname="com.study01.springboot.web.HelloControllerTest" time="0.102"/>
  <testcase name="helloDto가_리턴된다()" classname="com.study01.springboot.web.HelloControllerTest" time="0.115"/>
  <system-out><![CDATA[2022-06-29 17:03:41.747  INFO 11696 --- [    Test worker] .b.t.a.w.s.WebMvcTestContextBootstrapper : Neither @ContextConfiguration nor @ContextHierarchy found for test class [com.study01.springboot.web.HelloControllerTest], using SpringBootContextLoader
2022-06-29 17:03:41.747  INFO 11696 --- [    Test worker] o.s.t.c.support.AbstractContextLoader    : Could not detect default resource locations for test class [com.study01.springboot.web.HelloControllerTest]: no resource found for suffixes {-context.xml, Context.groovy}.
2022-06-29 17:03:41.747  INFO 11696 --- [    Test worker] t.c.s.AnnotationConfigContextLoaderUtils : Could not detect default configuration classes for test class [com.study01.springboot.web.HelloControllerTest]: HelloControllerTest does not declare any static, non-private, non-final, nested classes annotated with @Configuration.
2022-06-29 17:03:41.763  INFO 11696 --- [    Test worker] .b.t.c.SpringBootTestContextBootstrapper : Found @SpringBootConfiguration com.study01.springboot.Application for test class com.study01.springboot.web.HelloControllerTest
2022-06-29 17:03:41.778  INFO 11696 --- [    Test worker] .b.t.a.w.s.WebMvcTestContextBootstrapper : Loaded default TestExecutionListener class names from location [META-INF/spring.factories]: [org.springframework.security.test.context.support.WithSecurityContextTestExecutionListener, org.springframework.security.test.context.support.ReactorContextTestExecutionListener, org.springframework.boot.test.autoconfigure.restdocs.RestDocsTestExecutionListener, org.springframework.boot.test.autoconfigure.web.client.MockRestServiceServerResetTestExecutionListener, org.springframework.boot.test.autoconfigure.web.servlet.MockMvcPrintOnlyOnFailureTestExecutionListener, org.springframework.boot.test.autoconfigure.web.servlet.WebDriverTestExecutionListener, org.springframework.boot.test.autoconfigure.webservices.client.MockWebServiceServerTestExecutionListener, org.springframework.boot.test.mock.mockito.MockitoTestExecutionListener, org.springframework.boot.test.mock.mockito.ResetMocksTestExecutionListener, org.springframework.test.context.web.ServletTestExecutionListener, org.springframework.test.context.support.DirtiesContextBeforeModesTestExecutionListener, org.springframework.test.context.support.DependencyInjectionTestExecutionListener, org.springframework.test.context.support.DirtiesContextTestExecutionListener, org.springframework.test.context.transaction.TransactionalTestExecutionListener, org.springframework.test.context.jdbc.SqlScriptsTestExecutionListener, org.springframework.test.context.event.EventPublishingTestExecutionListener]
2022-06-29 17:03:41.778  INFO 11696 --- [    Test worker] .b.t.a.w.s.WebMvcTestContextBootstrapper : Using TestExecutionListeners: [org.springframework.test.context.web.ServletTestExecutionListener@75eb75d, org.springframework.test.context.support.DirtiesContextBeforeModesTestExecutionListener@6ac9c71e, org.springframework.boot.test.mock.mockito.MockitoTestExecutionListener@2ea29494, org.springframework.boot.test.autoconfigure.SpringBootDependencyInjectionTestExecutionListener@7e628e8f, org.springframework.test.context.support.DirtiesContextTestExecutionListener@cf42a41, org.springframework.test.context.transaction.TransactionalTestExecutionListener@28a1fdf6, org.springframework.test.context.jdbc.SqlScriptsTestExecutionListener@129dca42, org.springframework.security.test.context.support.WithSecurityContextTestExecutionListener@78612868, org.springframework.test.context.event.EventPublishingTestExecutionListener@55eab307, org.springframework.security.test.context.support.ReactorContextTestExecutionListener@7283aa01, org.springframework.boot.test.autoconfigure.restdocs.RestDocsTestExecutionListener@eb0a1c9, org.springframework.boot.test.autoconfigure.web.client.MockRestServiceServerResetTestExecutionListener@7f63ea1f, org.springframework.boot.test.autoconfigure.web.servlet.MockMvcPrintOnlyOnFailureTestExecutionListener@7f910c7f, org.springframework.boot.test.autoconfigure.web.servlet.WebDriverTestExecutionListener@10ad722e, org.springframework.boot.test.autoconfigure.webservices.client.MockWebServiceServerTestExecutionListener@1b98371b, org.springframework.boot.test.mock.mockito.ResetMocksTestExecutionListener@7b4b1565]

  .   ____          _            __ _ _
 /\\ / ___'_ __ _ _(_)_ __  __ _ \ \ \ \
( ( )\___ | '_ | '_| | '_ \/ _` | \ \ \ \
 \\/  ___)| |_)| | | | | || (_| |  ) ) ) )
  '  |____| .__|_| |_|_| |_\__, | / / / /
 =========|_|==============|___/=/_/_/_/
 :: Spring Boot ::                (v2.4.1)

2022-06-29 17:03:41.813  INFO 11696 --- [    Test worker] c.s.springboot.web.HelloControllerTest   : Starting HelloControllerTest using Java 1.8.0_321 on DESKTOP-R8G7MVN with PID 11696 (started by USER in D:\workspace\OAuth2\study01-springboot2-webservice)
2022-06-29 17:03:41.813  INFO 11696 --- [    Test worker] c.s.springboot.web.HelloControllerTest   : No active profile set, falling back to default profiles: default
2022-06-29 17:03:42.250  INFO 11696 --- [    Test worker] o.s.s.concurrent.ThreadPoolTaskExecutor  : Initializing ExecutorService 'applicationTaskExecutor'
2022-06-29 17:03:42.282  INFO 11696 --- [    Test worker] o.s.b.a.w.s.WelcomePageHandlerMapping    : Adding welcome page template: index
2022-06-29 17:03:42.625  INFO 11696 --- [    Test worker] o.s.s.web.DefaultSecurityFilterChain     : Will secure any request with [org.springframework.security.web.context.request.async.WebAsyncManagerIntegrationFilter@7bd0c645, org.springframework.security.web.context.SecurityContextPersistenceFilter@65ed1852, org.springframework.security.web.header.HeaderWriterFilter@4943c261, org.springframework.security.web.csrf.CsrfFilter@7763c582, org.springframework.security.web.authentication.logout.LogoutFilter@4599a413, org.springframework.security.oauth2.client.web.OAuth2AuthorizationRequestRedirectFilter@5b0adb28, org.springframework.security.oauth2.client.web.OAuth2AuthorizationRequestRedirectFilter@6ad0ba9b, org.springframework.security.oauth2.client.web.OAuth2LoginAuthenticationFilter@263b04dc, org.springframework.security.web.authentication.ui.DefaultLoginPageGeneratingFilter@a3cc09c, org.springframework.security.web.authentication.ui.DefaultLogoutPageGeneratingFilter@a19b3c6, org.springframework.security.web.savedrequest.RequestCacheAwareFilter@155b462a, org.springframework.security.web.servletapi.SecurityContextHolderAwareRequestFilter@425cde2a, org.springframework.security.web.authentication.AnonymousAuthenticationFilter@7b8c919e, org.springframework.security.oauth2.client.web.OAuth2AuthorizationCodeGrantFilter@45ea75c, org.springframework.security.web.session.SessionManagementFilter@20e5511e, org.springframework.security.web.access.ExceptionTranslationFilter@50241c51, org.springframework.security.web.access.intercept.FilterSecurityInterceptor@5a2dec08]
2022-06-29 17:03:42.755  INFO 11696 --- [    Test worker] o.s.b.t.m.w.SpringBootMockServletContext : Initializing Spring TestDispatcherServlet ''
2022-06-29 17:03:42.755  INFO 11696 --- [    Test worker] o.s.t.web.servlet.TestDispatcherServlet  : Initializing Servlet ''
2022-06-29 17:03:42.755  INFO 11696 --- [    Test worker] o.s.t.web.servlet.TestDispatcherServlet  : Completed initialization in 0 ms
2022-06-29 17:03:42.771  INFO 11696 --- [    Test worker] c.s.springboot.web.HelloControllerTest   : Started HelloControllerTest in 0.995 seconds (JVM running for 10.615)
]]></system-out>
  <system-err><![CDATA[]]></system-err>
</testsuite>
