<?xml version="1.0" encoding="UTF-8"?>
<testsuite name="com.study01.springboot.web.HelloControllerTest" tests="2" skipped="0" failures="0" errors="0" timestamp="2022-06-29T06:57:11" hostname="DESKTOP-R8G7MVN" time="0.211">
  <properties/>
  <testcase name="hello가_리턴된다()" classname="com.study01.springboot.web.HelloControllerTest" time="0.097"/>
  <testcase name="helloDto가_리턴된다()" classname="com.study01.springboot.web.HelloControllerTest" time="0.113"/>
  <system-out><![CDATA[2022-06-29 15:57:10.816  INFO 7020 --- [    Test worker] .b.t.a.w.s.WebMvcTestContextBootstrapper : Neither @ContextConfiguration nor @ContextHierarchy found for test class [com.study01.springboot.web.HelloControllerTest], using SpringBootContextLoader
2022-06-29 15:57:10.816  INFO 7020 --- [    Test worker] o.s.t.c.support.AbstractContextLoader    : Could not detect default resource locations for test class [com.study01.springboot.web.HelloControllerTest]: no resource found for suffixes {-context.xml, Context.groovy}.
2022-06-29 15:57:10.816  INFO 7020 --- [    Test worker] t.c.s.AnnotationConfigContextLoaderUtils : Could not detect default configuration classes for test class [com.study01.springboot.web.HelloControllerTest]: HelloControllerTest does not declare any static, non-private, non-final, nested classes annotated with @Configuration.
2022-06-29 15:57:10.832  INFO 7020 --- [    Test worker] .b.t.c.SpringBootTestContextBootstrapper : Found @SpringBootConfiguration com.study01.springboot.Application for test class com.study01.springboot.web.HelloControllerTest
2022-06-29 15:57:10.847  INFO 7020 --- [    Test worker] .b.t.a.w.s.WebMvcTestContextBootstrapper : Loaded default TestExecutionListener class names from location [META-INF/spring.factories]: [org.springframework.security.test.context.support.WithSecurityContextTestExecutionListener, org.springframework.security.test.context.support.ReactorContextTestExecutionListener, org.springframework.boot.test.autoconfigure.restdocs.RestDocsTestExecutionListener, org.springframework.boot.test.autoconfigure.web.client.MockRestServiceServerResetTestExecutionListener, org.springframework.boot.test.autoconfigure.web.servlet.MockMvcPrintOnlyOnFailureTestExecutionListener, org.springframework.boot.test.autoconfigure.web.servlet.WebDriverTestExecutionListener, org.springframework.boot.test.autoconfigure.webservices.client.MockWebServiceServerTestExecutionListener, org.springframework.boot.test.mock.mockito.MockitoTestExecutionListener, org.springframework.boot.test.mock.mockito.ResetMocksTestExecutionListener, org.springframework.test.context.web.ServletTestExecutionListener, org.springframework.test.context.support.DirtiesContextBeforeModesTestExecutionListener, org.springframework.test.context.support.DependencyInjectionTestExecutionListener, org.springframework.test.context.support.DirtiesContextTestExecutionListener, org.springframework.test.context.transaction.TransactionalTestExecutionListener, org.springframework.test.context.jdbc.SqlScriptsTestExecutionListener, org.springframework.test.context.event.EventPublishingTestExecutionListener]
2022-06-29 15:57:10.847  INFO 7020 --- [    Test worker] .b.t.a.w.s.WebMvcTestContextBootstrapper : Using TestExecutionListeners: [org.springframework.test.context.web.ServletTestExecutionListener@2e6d4c08, org.springframework.test.context.support.DirtiesContextBeforeModesTestExecutionListener@2a406120, org.springframework.boot.test.mock.mockito.MockitoTestExecutionListener@442246cb, org.springframework.boot.test.autoconfigure.SpringBootDependencyInjectionTestExecutionListener@449cb878, org.springframework.test.context.support.DirtiesContextTestExecutionListener@d5b1ef, org.springframework.test.context.transaction.TransactionalTestExecutionListener@293599b4, org.springframework.test.context.jdbc.SqlScriptsTestExecutionListener@7ff78647, org.springframework.security.test.context.support.WithSecurityContextTestExecutionListener@5e09aeb9, org.springframework.test.context.event.EventPublishingTestExecutionListener@73fe265e, org.springframework.security.test.context.support.ReactorContextTestExecutionListener@7603e9ac, org.springframework.boot.test.autoconfigure.restdocs.RestDocsTestExecutionListener@35059c95, org.springframework.boot.test.autoconfigure.web.client.MockRestServiceServerResetTestExecutionListener@26ea90ea, org.springframework.boot.test.autoconfigure.web.servlet.MockMvcPrintOnlyOnFailureTestExecutionListener@24a48ebf, org.springframework.boot.test.autoconfigure.web.servlet.WebDriverTestExecutionListener@4d835d0e, org.springframework.boot.test.autoconfigure.webservices.client.MockWebServiceServerTestExecutionListener@54fb911f, org.springframework.boot.test.mock.mockito.ResetMocksTestExecutionListener@26e436aa]

  .   ____          _            __ _ _
 /\\ / ___'_ __ _ _(_)_ __  __ _ \ \ \ \
( ( )\___ | '_ | '_| | '_ \/ _` | \ \ \ \
 \\/  ___)| |_)| | | | | || (_| |  ) ) ) )
  '  |____| .__|_| |_|_| |_\__, | / / / /
 =========|_|==============|___/=/_/_/_/
 :: Spring Boot ::                (v2.4.1)

2022-06-29 15:57:10.881  INFO 7020 --- [    Test worker] c.s.springboot.web.HelloControllerTest   : Starting HelloControllerTest using Java 11.0.14 on DESKTOP-R8G7MVN with PID 7020 (started by USER in D:\workspace\OAuth2\study01-springboot2-webservice)
2022-06-29 15:57:10.881  INFO 7020 --- [    Test worker] c.s.springboot.web.HelloControllerTest   : No active profile set, falling back to default profiles: default
2022-06-29 15:57:11.365  INFO 7020 --- [    Test worker] o.s.s.concurrent.ThreadPoolTaskExecutor  : Initializing ExecutorService 'applicationTaskExecutor'
2022-06-29 15:57:11.412  INFO 7020 --- [    Test worker] o.s.b.a.w.s.WelcomePageHandlerMapping    : Adding welcome page template: index
2022-06-29 15:57:11.771  INFO 7020 --- [    Test worker] o.s.s.web.DefaultSecurityFilterChain     : Will secure any request with [org.springframework.security.web.context.request.async.WebAsyncManagerIntegrationFilter@32d621be, org.springframework.security.web.context.SecurityContextPersistenceFilter@1c512b71, org.springframework.security.web.header.HeaderWriterFilter@4c798040, org.springframework.security.web.csrf.CsrfFilter@503cfdff, org.springframework.security.web.authentication.logout.LogoutFilter@3c9cbf65, org.springframework.security.oauth2.client.web.OAuth2AuthorizationRequestRedirectFilter@79b2fc73, org.springframework.security.oauth2.client.web.OAuth2AuthorizationRequestRedirectFilter@5777b2e3, org.springframework.security.oauth2.client.web.OAuth2LoginAuthenticationFilter@5b47ec4, org.springframework.security.web.authentication.ui.DefaultLoginPageGeneratingFilter@2acc9ca7, org.springframework.security.web.authentication.ui.DefaultLogoutPageGeneratingFilter@42644ab8, org.springframework.security.web.savedrequest.RequestCacheAwareFilter@d137ab3, org.springframework.security.web.servletapi.SecurityContextHolderAwareRequestFilter@d6880d1, org.springframework.security.web.authentication.AnonymousAuthenticationFilter@34c991ba, org.springframework.security.oauth2.client.web.OAuth2AuthorizationCodeGrantFilter@551365ec, org.springframework.security.web.session.SessionManagementFilter@37a26da6, org.springframework.security.web.access.ExceptionTranslationFilter@7b1d59d9, org.springframework.security.web.access.intercept.FilterSecurityInterceptor@459ca130]
2022-06-29 15:57:11.865  INFO 7020 --- [    Test worker] o.s.b.t.m.w.SpringBootMockServletContext : Initializing Spring TestDispatcherServlet ''
2022-06-29 15:57:11.865  INFO 7020 --- [    Test worker] o.s.t.web.servlet.TestDispatcherServlet  : Initializing Servlet ''
2022-06-29 15:57:11.865  INFO 7020 --- [    Test worker] o.s.t.web.servlet.TestDispatcherServlet  : Completed initialization in 0 ms
2022-06-29 15:57:11.881  INFO 7020 --- [    Test worker] c.s.springboot.web.HelloControllerTest   : Started HelloControllerTest in 1.036 seconds (JVM running for 8.536)
]]></system-out>
  <system-err><![CDATA[]]></system-err>
</testsuite>
