<?xml version="1.0" encoding="UTF-8"?>
<<<<<<< Updated upstream
<testsuite name="com.study01.springboot.web.dto.HelloResponseDtoTest" tests="1" skipped="0" failures="0" errors="0" timestamp="2022-06-30T02:59:25" hostname="DESKTOP-R8G7MVN" time="0.005">
  <properties/>
  <testcase name="롬복_기능_테스트()" classname="com.study01.springboot.web.dto.HelloResponseDtoTest" time="0.005"/>
=======
<testsuite name="com.study01.springboot.web.dto.HelloResponseDtoTest" tests="1" skipped="0" failures="0" errors="0" timestamp="2022-06-29T08:43:52" hostname="study01-springboot2-webservice.localhomain" time="0.036">
  <properties/>
  <testcase name="롬복_기능_테스트()" classname="com.study01.springboot.web.dto.HelloResponseDtoTest" time="0.036"/>
>>>>>>> Stashed changes
  <system-out><![CDATA[]]></system-out>
  <system-err><![CDATA[]]></system-err>
</testsuite>
