<?xml version="1.0" encoding="UTF-8"?>
<<<<<<< Updated upstream
<testsuite name="com.study01.springboot.web.IndexControllerTest" tests="1" skipped="0" failures="0" errors="0" timestamp="2022-06-30T02:59:29" hostname="DESKTOP-R8G7MVN" time="0.206">
  <properties/>
  <testcase name="메인페이지_로딩()" classname="com.study01.springboot.web.IndexControllerTest" time="0.206"/>
  <system-out><![CDATA[2022-06-30 11:59:27.348  INFO 20180 --- [    Test worker] .b.t.c.SpringBootTestContextBootstrapper : Neither @ContextConfiguration nor @ContextHierarchy found for test class [com.study01.springboot.web.IndexControllerTest], using SpringBootContextLoader
2022-06-30 11:59:27.348  INFO 20180 --- [    Test worker] o.s.t.c.support.AbstractContextLoader    : Could not detect default resource locations for test class [com.study01.springboot.web.IndexControllerTest]: no resource found for suffixes {-context.xml, Context.groovy}.
2022-06-30 11:59:27.348  INFO 20180 --- [    Test worker] t.c.s.AnnotationConfigContextLoaderUtils : Could not detect default configuration classes for test class [com.study01.springboot.web.IndexControllerTest]: IndexControllerTest does not declare any static, non-private, non-final, nested classes annotated with @Configuration.
2022-06-30 11:59:27.348  INFO 20180 --- [    Test worker] .b.t.c.SpringBootTestContextBootstrapper : Found @SpringBootConfiguration com.study01.springboot.Application for test class com.study01.springboot.web.IndexControllerTest
2022-06-30 11:59:27.348  INFO 20180 --- [    Test worker] .b.t.c.SpringBootTestContextBootstrapper : Loaded default TestExecutionListener class names from location [META-INF/spring.factories]: [org.springframework.security.test.context.support.WithSecurityContextTestExecutionListener, org.springframework.security.test.context.support.ReactorContextTestExecutionListener, org.springframework.boot.test.autoconfigure.restdocs.RestDocsTestExecutionListener, org.springframework.boot.test.autoconfigure.web.client.MockRestServiceServerResetTestExecutionListener, org.springframework.boot.test.autoconfigure.web.servlet.MockMvcPrintOnlyOnFailureTestExecutionListener, org.springframework.boot.test.autoconfigure.web.servlet.WebDriverTestExecutionListener, org.springframework.boot.test.autoconfigure.webservices.client.MockWebServiceServerTestExecutionListener, org.springframework.boot.test.mock.mockito.MockitoTestExecutionListener, org.springframework.boot.test.mock.mockito.ResetMocksTestExecutionListener, org.springframework.test.context.web.ServletTestExecutionListener, org.springframework.test.context.support.DirtiesContextBeforeModesTestExecutionListener, org.springframework.test.context.support.DependencyInjectionTestExecutionListener, org.springframework.test.context.support.DirtiesContextTestExecutionListener, org.springframework.test.context.transaction.TransactionalTestExecutionListener, org.springframework.test.context.jdbc.SqlScriptsTestExecutionListener, org.springframework.test.context.event.EventPublishingTestExecutionListener]
2022-06-30 11:59:27.363  INFO 20180 --- [    Test worker] .b.t.c.SpringBootTestContextBootstrapper : Using TestExecutionListeners: [org.springframework.test.context.web.ServletTestExecutionListener@8a7a4f, org.springframework.test.context.support.DirtiesContextBeforeModesTestExecutionListener@30088a8b, org.springframework.boot.test.mock.mockito.MockitoTestExecutionListener@55eaa36f, org.springframework.boot.test.autoconfigure.SpringBootDependencyInjectionTestExecutionListener@26ea6e17, org.springframework.test.context.support.DirtiesContextTestExecutionListener@75613087, org.springframework.test.context.transaction.TransactionalTestExecutionListener@1c9a072, org.springframework.test.context.jdbc.SqlScriptsTestExecutionListener@1b88aff, org.springframework.security.test.context.support.WithSecurityContextTestExecutionListener@7457d609, org.springframework.test.context.event.EventPublishingTestExecutionListener@84e250c, org.springframework.security.test.context.support.ReactorContextTestExecutionListener@44c8de47, org.springframework.boot.test.autoconfigure.restdocs.RestDocsTestExecutionListener@1624b53, org.springframework.boot.test.autoconfigure.web.client.MockRestServiceServerResetTestExecutionListener@4bcf32e8, org.springframework.boot.test.autoconfigure.web.servlet.MockMvcPrintOnlyOnFailureTestExecutionListener@32d018d8, org.springframework.boot.test.autoconfigure.web.servlet.WebDriverTestExecutionListener@30e8c223, org.springframework.boot.test.autoconfigure.webservices.client.MockWebServiceServerTestExecutionListener@23c32fbe, org.springframework.boot.test.mock.mockito.ResetMocksTestExecutionListener@11a9015c]
=======
<testsuite name="com.study01.springboot.web.IndexControllerTest" tests="1" skipped="0" failures="0" errors="0" timestamp="2022-06-29T08:43:45" hostname="study01-springboot2-webservice.localhomain" time="0.907">
  <properties/>
  <testcase name="메인페이지_로딩()" classname="com.study01.springboot.web.IndexControllerTest" time="0.907"/>
  <system-out><![CDATA[2022-06-29 17:43:34.296  INFO 15114 --- [    Test worker] .b.t.c.SpringBootTestContextBootstrapper : Neither @ContextConfiguration nor @ContextHierarchy found for test class [com.study01.springboot.web.IndexControllerTest], using SpringBootContextLoader
2022-06-29 17:43:34.299  INFO 15114 --- [    Test worker] o.s.t.c.support.AbstractContextLoader    : Could not detect default resource locations for test class [com.study01.springboot.web.IndexControllerTest]: no resource found for suffixes {-context.xml, Context.groovy}.
2022-06-29 17:43:34.300  INFO 15114 --- [    Test worker] t.c.s.AnnotationConfigContextLoaderUtils : Could not detect default configuration classes for test class [com.study01.springboot.web.IndexControllerTest]: IndexControllerTest does not declare any static, non-private, non-final, nested classes annotated with @Configuration.
2022-06-29 17:43:34.307  INFO 15114 --- [    Test worker] .b.t.c.SpringBootTestContextBootstrapper : Found @SpringBootConfiguration com.study01.springboot.Application for test class com.study01.springboot.web.IndexControllerTest
2022-06-29 17:43:34.316  INFO 15114 --- [    Test worker] .b.t.c.SpringBootTestContextBootstrapper : Loaded default TestExecutionListener class names from location [META-INF/spring.factories]: [org.springframework.security.test.context.support.WithSecurityContextTestExecutionListener, org.springframework.security.test.context.support.ReactorContextTestExecutionListener, org.springframework.boot.test.autoconfigure.restdocs.RestDocsTestExecutionListener, org.springframework.boot.test.autoconfigure.web.client.MockRestServiceServerResetTestExecutionListener, org.springframework.boot.test.autoconfigure.web.servlet.MockMvcPrintOnlyOnFailureTestExecutionListener, org.springframework.boot.test.autoconfigure.web.servlet.WebDriverTestExecutionListener, org.springframework.boot.test.autoconfigure.webservices.client.MockWebServiceServerTestExecutionListener, org.springframework.boot.test.mock.mockito.MockitoTestExecutionListener, org.springframework.boot.test.mock.mockito.ResetMocksTestExecutionListener, org.springframework.test.context.web.ServletTestExecutionListener, org.springframework.test.context.support.DirtiesContextBeforeModesTestExecutionListener, org.springframework.test.context.support.DependencyInjectionTestExecutionListener, org.springframework.test.context.support.DirtiesContextTestExecutionListener, org.springframework.test.context.transaction.TransactionalTestExecutionListener, org.springframework.test.context.jdbc.SqlScriptsTestExecutionListener, org.springframework.test.context.event.EventPublishingTestExecutionListener]
2022-06-29 17:43:34.324  INFO 15114 --- [    Test worker] .b.t.c.SpringBootTestContextBootstrapper : Using TestExecutionListeners: [org.springframework.test.context.web.ServletTestExecutionListener@111877a8, org.springframework.test.context.support.DirtiesContextBeforeModesTestExecutionListener@b5bf631, org.springframework.boot.test.mock.mockito.MockitoTestExecutionListener@75461c53, org.springframework.boot.test.autoconfigure.SpringBootDependencyInjectionTestExecutionListener@11f92c0b, org.springframework.test.context.support.DirtiesContextTestExecutionListener@430ebcab, org.springframework.test.context.transaction.TransactionalTestExecutionListener@17302085, org.springframework.test.context.jdbc.SqlScriptsTestExecutionListener@52d112b4, org.springframework.security.test.context.support.WithSecurityContextTestExecutionListener@a90e591, org.springframework.test.context.event.EventPublishingTestExecutionListener@3c4deb8c, org.springframework.security.test.context.support.ReactorContextTestExecutionListener@2a6fd088, org.springframework.boot.test.autoconfigure.restdocs.RestDocsTestExecutionListener@707123c3, org.springframework.boot.test.autoconfigure.web.client.MockRestServiceServerResetTestExecutionListener@7d40fc31, org.springframework.boot.test.autoconfigure.web.servlet.MockMvcPrintOnlyOnFailureTestExecutionListener@2e02799e, org.springframework.boot.test.autoconfigure.web.servlet.WebDriverTestExecutionListener@7abd1746, org.springframework.boot.test.autoconfigure.webservices.client.MockWebServiceServerTestExecutionListener@32b5ce9, org.springframework.boot.test.mock.mockito.ResetMocksTestExecutionListener@797089c9]
>>>>>>> Stashed changes

  .   ____          _            __ _ _
 /\\ / ___'_ __ _ _(_)_ __  __ _ \ \ \ \
( ( )\___ | '_ | '_| | '_ \/ _` | \ \ \ \
 \\/  ___)| |_)| | | | | || (_| |  ) ) ) )
  '  |____| .__|_| |_|_| |_\__, | / / / /
 =========|_|==============|___/=/_/_/_/
 :: Spring Boot ::                (v2.4.1)

<<<<<<< Updated upstream
2022-06-30 11:59:27.395  INFO 20180 --- [    Test worker] c.s.springboot.web.IndexControllerTest   : Starting IndexControllerTest using Java 1.8.0_321 on DESKTOP-R8G7MVN with PID 20180 (started by USER in D:\workspace\OAuth2\study01-springboot2-webservice)
2022-06-30 11:59:27.395  INFO 20180 --- [    Test worker] c.s.springboot.web.IndexControllerTest   : No active profile set, falling back to default profiles: default
2022-06-30 11:59:27.660  INFO 20180 --- [    Test worker] .s.d.r.c.RepositoryConfigurationDelegate : Bootstrapping Spring Data JPA repositories in DEFAULT mode.
2022-06-30 11:59:27.676  INFO 20180 --- [    Test worker] .s.d.r.c.RepositoryConfigurationDelegate : Finished Spring Data repository scanning in 21 ms. Found 2 JPA repository interfaces.
2022-06-30 11:59:28.083  INFO 20180 --- [    Test worker] o.s.b.w.embedded.tomcat.TomcatWebServer  : Tomcat initialized with port(s): 0 (http)
2022-06-30 11:59:28.099  INFO 20180 --- [    Test worker] o.apache.catalina.core.StandardService   : Starting service [Tomcat]
2022-06-30 11:59:28.099  INFO 20180 --- [    Test worker] org.apache.catalina.core.StandardEngine  : Starting Servlet engine: [Apache Tomcat/9.0.41]
2022-06-30 11:59:28.302  INFO 20180 --- [    Test worker] o.a.c.c.C.[Tomcat].[localhost].[/]       : Initializing Spring embedded WebApplicationContext
2022-06-30 11:59:28.302  INFO 20180 --- [    Test worker] w.s.c.ServletWebServerApplicationContext : Root WebApplicationContext: initialization completed in 907 ms
2022-06-30 11:59:28.365  INFO 20180 --- [    Test worker] com.zaxxer.hikari.HikariDataSource       : HikariPool-2 - Starting...
2022-06-30 11:59:28.365  INFO 20180 --- [    Test worker] com.zaxxer.hikari.HikariDataSource       : HikariPool-2 - Start completed.
2022-06-30 11:59:28.365  INFO 20180 --- [    Test worker] o.s.b.a.h2.H2ConsoleAutoConfiguration    : H2 console available at '/h2-console'. Database available at 'jdbc:h2:mem:testdb'
2022-06-30 11:59:28.552  INFO 20180 --- [    Test worker] o.hibernate.jpa.internal.util.LogHelper  : HHH000204: Processing PersistenceUnitInfo [name: default]
2022-06-30 11:59:28.552  INFO 20180 --- [    Test worker] org.hibernate.dialect.Dialect            : HHH000400: Using dialect: org.hibernate.dialect.MySQL57Dialect
=======
2022-06-29 17:43:34.424  INFO 15114 --- [    Test worker] c.s.springboot.web.IndexControllerTest   : Starting IndexControllerTest using Java 1.8.0_312 on study01-springboot2-webservice.localhomain with PID 15114 (started by ec2-user in /home/ec2-user/app/step1/OAuth2/study01-springboot2-webservice)
2022-06-29 17:43:34.431  INFO 15114 --- [    Test worker] c.s.springboot.web.IndexControllerTest   : No active profile set, falling back to default profiles: default
2022-06-29 17:43:35.462  INFO 15114 --- [    Test worker] .s.d.r.c.RepositoryConfigurationDelegate : Bootstrapping Spring Data JPA repositories in DEFAULT mode.
2022-06-29 17:43:35.620  INFO 15114 --- [    Test worker] .s.d.r.c.RepositoryConfigurationDelegate : Finished Spring Data repository scanning in 142 ms. Found 2 JPA repository interfaces.
2022-06-29 17:43:37.129  INFO 15114 --- [    Test worker] o.s.b.w.embedded.tomcat.TomcatWebServer  : Tomcat initialized with port(s): 0 (http)
2022-06-29 17:43:37.161  INFO 15114 --- [    Test worker] o.apache.catalina.core.StandardService   : Starting service [Tomcat]
2022-06-29 17:43:37.162  INFO 15114 --- [    Test worker] org.apache.catalina.core.StandardEngine  : Starting Servlet engine: [Apache Tomcat/9.0.41]
2022-06-29 17:43:37.412  INFO 15114 --- [    Test worker] o.a.c.c.C.[Tomcat].[localhost].[/]       : Initializing Spring embedded WebApplicationContext
2022-06-29 17:43:37.416  INFO 15114 --- [    Test worker] w.s.c.ServletWebServerApplicationContext : Root WebApplicationContext: initialization completed in 2979 ms
2022-06-29 17:43:37.557  INFO 15114 --- [    Test worker] com.zaxxer.hikari.HikariDataSource       : HikariPool-1 - Starting...
2022-06-29 17:43:38.093  INFO 15114 --- [    Test worker] com.zaxxer.hikari.HikariDataSource       : HikariPool-1 - Start completed.
2022-06-29 17:43:38.103  INFO 15114 --- [    Test worker] o.s.b.a.h2.H2ConsoleAutoConfiguration    : H2 console available at '/h2-console'. Database available at 'jdbc:h2:mem:testdb'
2022-06-29 17:43:38.696  INFO 15114 --- [    Test worker] o.hibernate.jpa.internal.util.LogHelper  : HHH000204: Processing PersistenceUnitInfo [name: default]
2022-06-29 17:43:38.870  INFO 15114 --- [    Test worker] org.hibernate.Version                    : HHH000412: Hibernate ORM core version 5.4.25.Final
2022-06-29 17:43:39.018  INFO 15114 --- [    Test worker] o.hibernate.annotations.common.Version   : HCANN000001: Hibernate Commons Annotations {5.1.2.Final}
2022-06-29 17:43:39.374  INFO 15114 --- [    Test worker] org.hibernate.dialect.Dialect            : HHH000400: Using dialect: org.hibernate.dialect.MySQL57Dialect
>>>>>>> Stashed changes
Hibernate: drop table if exists posts
Hibernate: drop table if exists user
Hibernate: create table posts (id bigint not null auto_increment, created_date datetime(6), modified_date datetime(6), author varchar(255), content TEXT not null, title varchar(500) not null, primary key (id)) engine=InnoDB
Hibernate: create table user (id bigint not null auto_increment, created_date datetime(6), modified_date datetime(6), email varchar(255) not null, name varchar(255) not null, picture varchar(255), role varchar(255) not null, primary key (id)) engine=InnoDB
<<<<<<< Updated upstream
2022-06-30 11:59:28.630  INFO 20180 --- [    Test worker] o.h.e.t.j.p.i.JtaPlatformInitiator       : HHH000490: Using JtaPlatform implementation: [org.hibernate.engine.transaction.jta.platform.internal.NoJtaPlatform]
2022-06-30 11:59:28.646  INFO 20180 --- [    Test worker] j.LocalContainerEntityManagerFactoryBean : Initialized JPA EntityManagerFactory for persistence unit 'default'
2022-06-30 11:59:28.974  WARN 20180 --- [    Test worker] JpaBaseConfiguration$JpaWebConfiguration : spring.jpa.open-in-view is enabled by default. Therefore, database queries may be performed during view rendering. Explicitly configure spring.jpa.open-in-view to disable this warning
2022-06-30 11:59:29.239  INFO 20180 --- [    Test worker] o.s.s.web.DefaultSecurityFilterChain     : Will secure any request with [org.springframework.security.web.context.request.async.WebAsyncManagerIntegrationFilter@11f338e5, org.springframework.security.web.context.SecurityContextPersistenceFilter@11b19e21, org.springframework.security.web.header.HeaderWriterFilter@79b84caa, org.springframework.security.web.authentication.logout.LogoutFilter@3914a77e, org.springframework.security.oauth2.client.web.OAuth2AuthorizationRequestRedirectFilter@377e0211, org.springframework.security.oauth2.client.web.OAuth2LoginAuthenticationFilter@75665287, org.springframework.security.web.authentication.ui.DefaultLoginPageGeneratingFilter@56fa30da, org.springframework.security.web.authentication.ui.DefaultLogoutPageGeneratingFilter@bd5794e, org.springframework.security.web.savedrequest.RequestCacheAwareFilter@30984b3b, org.springframework.security.web.servletapi.SecurityContextHolderAwareRequestFilter@bfe8c9e, org.springframework.security.web.authentication.AnonymousAuthenticationFilter@4cfc8caf, org.springframework.security.web.session.SessionManagementFilter@213f8ccf, org.springframework.security.web.access.ExceptionTranslationFilter@1b3747f3, org.springframework.security.web.access.intercept.FilterSecurityInterceptor@7c3bffa]
2022-06-30 11:59:29.397  INFO 20180 --- [    Test worker] o.s.s.concurrent.ThreadPoolTaskExecutor  : Initializing ExecutorService 'applicationTaskExecutor'
2022-06-30 11:59:29.428  INFO 20180 --- [    Test worker] o.s.b.a.w.s.WelcomePageHandlerMapping    : Adding welcome page template: index
2022-06-30 11:59:29.710  INFO 20180 --- [    Test worker] o.s.b.w.embedded.tomcat.TomcatWebServer  : Tomcat started on port(s): 51687 (http) with context path ''
2022-06-30 11:59:29.710  INFO 20180 --- [    Test worker] s.a.ScheduledAnnotationBeanPostProcessor : No TaskScheduler/ScheduledExecutorService bean found for scheduled processing
2022-06-30 11:59:29.710  INFO 20180 --- [    Test worker] c.s.springboot.web.IndexControllerTest   : Started IndexControllerTest in 2.348 seconds (JVM running for 13.616)
2022-06-30 11:59:29.821  INFO 20180 --- [o-auto-1-exec-1] o.a.c.c.C.[Tomcat].[localhost].[/]       : Initializing Spring DispatcherServlet 'dispatcherServlet'
2022-06-30 11:59:29.821  INFO 20180 --- [o-auto-1-exec-1] o.s.web.servlet.DispatcherServlet        : Initializing Servlet 'dispatcherServlet'
2022-06-30 11:59:29.821  INFO 20180 --- [o-auto-1-exec-1] o.s.web.servlet.DispatcherServlet        : Completed initialization in 0 ms
=======
2022-06-29 17:43:41.768  INFO 15114 --- [    Test worker] o.h.e.t.j.p.i.JtaPlatformInitiator       : HHH000490: Using JtaPlatform implementation: [org.hibernate.engine.transaction.jta.platform.internal.NoJtaPlatform]
2022-06-29 17:43:41.820  INFO 15114 --- [    Test worker] j.LocalContainerEntityManagerFactoryBean : Initialized JPA EntityManagerFactory for persistence unit 'default'
2022-06-29 17:43:43.244  WARN 15114 --- [    Test worker] JpaBaseConfiguration$JpaWebConfiguration : spring.jpa.open-in-view is enabled by default. Therefore, database queries may be performed during view rendering. Explicitly configure spring.jpa.open-in-view to disable this warning
2022-06-29 17:43:44.118  INFO 15114 --- [    Test worker] o.s.s.web.DefaultSecurityFilterChain     : Will secure any request with [org.springframework.security.web.context.request.async.WebAsyncManagerIntegrationFilter@4821fa8d, org.springframework.security.web.context.SecurityContextPersistenceFilter@4ebfb1d5, org.springframework.security.web.header.HeaderWriterFilter@6a2ef584, org.springframework.security.web.authentication.logout.LogoutFilter@16928b0, org.springframework.security.oauth2.client.web.OAuth2AuthorizationRequestRedirectFilter@1f977555, org.springframework.security.oauth2.client.web.OAuth2LoginAuthenticationFilter@17e0db31, org.springframework.security.web.authentication.ui.DefaultLoginPageGeneratingFilter@69e4e5af, org.springframework.security.web.authentication.ui.DefaultLogoutPageGeneratingFilter@56ed4476, org.springframework.security.web.savedrequest.RequestCacheAwareFilter@1be80784, org.springframework.security.web.servletapi.SecurityContextHolderAwareRequestFilter@67743a8, org.springframework.security.web.authentication.AnonymousAuthenticationFilter@72f4ae23, org.springframework.security.web.session.SessionManagementFilter@9ecd203, org.springframework.security.web.access.ExceptionTranslationFilter@2aafe5bb, org.springframework.security.web.access.intercept.FilterSecurityInterceptor@4b7aa50a]
2022-06-29 17:43:44.449  INFO 15114 --- [    Test worker] o.s.s.concurrent.ThreadPoolTaskExecutor  : Initializing ExecutorService 'applicationTaskExecutor'
2022-06-29 17:43:44.559  INFO 15114 --- [    Test worker] o.s.b.a.w.s.WelcomePageHandlerMapping    : Adding welcome page template: index
2022-06-29 17:43:45.748  INFO 15114 --- [    Test worker] o.s.b.w.embedded.tomcat.TomcatWebServer  : Tomcat started on port(s): 43233 (http) with context path ''
2022-06-29 17:43:45.789  INFO 15114 --- [    Test worker] s.a.ScheduledAnnotationBeanPostProcessor : No TaskScheduler/ScheduledExecutorService bean found for scheduled processing
2022-06-29 17:43:45.822  INFO 15114 --- [    Test worker] c.s.springboot.web.IndexControllerTest   : Started IndexControllerTest in 11.492 seconds (JVM running for 21.208)
2022-06-29 17:43:46.178  INFO 15114 --- [o-auto-1-exec-1] o.a.c.c.C.[Tomcat].[localhost].[/]       : Initializing Spring DispatcherServlet 'dispatcherServlet'
2022-06-29 17:43:46.179  INFO 15114 --- [o-auto-1-exec-1] o.s.web.servlet.DispatcherServlet        : Initializing Servlet 'dispatcherServlet'
2022-06-29 17:43:46.182  INFO 15114 --- [o-auto-1-exec-1] o.s.web.servlet.DispatcherServlet        : Completed initialization in 3 ms
>>>>>>> Stashed changes
Hibernate: select posts0_.id as id1_0_, posts0_.created_date as created_2_0_, posts0_.modified_date as modified3_0_, posts0_.author as author4_0_, posts0_.content as content5_0_, posts0_.title as title6_0_ from posts posts0_ order by posts0_.id DESC
]]></system-out>
  <system-err><![CDATA[]]></system-err>
</testsuite>
