<?xml version="1.0" encoding="UTF-8"?>
<testsuite name="com.study01.springboot.web.HelloControllerTest" tests="2" skipped="0" failures="0" errors="0" timestamp="2022-06-30T02:59:27" hostname="DESKTOP-R8G7MVN" time="0.229">
  <properties/>
  <testcase name="hello가_리턴된다()" classname="com.study01.springboot.web.HelloControllerTest" time="0.099"/>
  <testcase name="helloDto가_리턴된다()" classname="com.study01.springboot.web.HelloControllerTest" time="0.127"/>
  <system-out><![CDATA[2022-06-30 11:59:25.960  INFO 20180 --- [    Test worker] .b.t.a.w.s.WebMvcTestContextBootstrapper : Neither @ContextConfiguration nor @ContextHierarchy found for test class [com.study01.springboot.web.HelloControllerTest], using SpringBootContextLoader
2022-06-30 11:59:25.960  INFO 20180 --- [    Test worker] o.s.t.c.support.AbstractContextLoader    : Could not detect default resource locations for test class [com.study01.springboot.web.HelloControllerTest]: no resource found for suffixes {-context.xml, Context.groovy}.
2022-06-30 11:59:25.960  INFO 20180 --- [    Test worker] t.c.s.AnnotationConfigContextLoaderUtils : Could not detect default configuration classes for test class [com.study01.springboot.web.HelloControllerTest]: HelloControllerTest does not declare any static, non-private, non-final, nested classes annotated with @Configuration.
2022-06-30 11:59:25.992  INFO 20180 --- [    Test worker] .b.t.c.SpringBootTestContextBootstrapper : Found @SpringBootConfiguration com.study01.springboot.Application for test class com.study01.springboot.web.HelloControllerTest
2022-06-30 11:59:25.992  INFO 20180 --- [    Test worker] .b.t.a.w.s.WebMvcTestContextBootstrapper : Loaded default TestExecutionListener class names from location [META-INF/spring.factories]: [org.springframework.security.test.context.support.WithSecurityContextTestExecutionListener, org.springframework.security.test.context.support.ReactorContextTestExecutionListener, org.springframework.boot.test.autoconfigure.restdocs.RestDocsTestExecutionListener, org.springframework.boot.test.autoconfigure.web.client.MockRestServiceServerResetTestExecutionListener, org.springframework.boot.test.autoconfigure.web.servlet.MockMvcPrintOnlyOnFailureTestExecutionListener, org.springframework.boot.test.autoconfigure.web.servlet.WebDriverTestExecutionListener, org.springframework.boot.test.autoconfigure.webservices.client.MockWebServiceServerTestExecutionListener, org.springframework.boot.test.mock.mockito.MockitoTestExecutionListener, org.springframework.boot.test.mock.mockito.ResetMocksTestExecutionListener, org.springframework.test.context.web.ServletTestExecutionListener, org.springframework.test.context.support.DirtiesContextBeforeModesTestExecutionListener, org.springframework.test.context.support.DependencyInjectionTestExecutionListener, org.springframework.test.context.support.DirtiesContextTestExecutionListener, org.springframework.test.context.transaction.TransactionalTestExecutionListener, org.springframework.test.context.jdbc.SqlScriptsTestExecutionListener, org.springframework.test.context.event.EventPublishingTestExecutionListener]
2022-06-30 11:59:25.992  INFO 20180 --- [    Test worker] .b.t.a.w.s.WebMvcTestContextBootstrapper : Using TestExecutionListeners: [org.springframework.test.context.web.ServletTestExecutionListener@7f63ea1f, org.springframework.test.context.support.DirtiesContextBeforeModesTestExecutionListener@7f910c7f, org.springframework.boot.test.mock.mockito.MockitoTestExecutionListener@10ad722e, org.springframework.boot.test.autoconfigure.SpringBootDependencyInjectionTestExecutionListener@1b98371b, org.springframework.test.context.support.DirtiesContextTestExecutionListener@7b4b1565, org.springframework.test.context.transaction.TransactionalTestExecutionListener@c4e0c87, org.springframework.test.context.jdbc.SqlScriptsTestExecutionListener@77893322, org.springframework.security.test.context.support.WithSecurityContextTestExecutionListener@2d73e227, org.springframework.test.context.event.EventPublishingTestExecutionListener@e303ad1, org.springframework.security.test.context.support.ReactorContextTestExecutionListener@726635a4, org.springframework.boot.test.autoconfigure.restdocs.RestDocsTestExecutionListener@4cc818e9, org.springframework.boot.test.autoconfigure.web.client.MockRestServiceServerResetTestExecutionListener@7e18a98d, org.springframework.boot.test.autoconfigure.web.servlet.MockMvcPrintOnlyOnFailureTestExecutionListener@71f1e22d, org.springframework.boot.test.autoconfigure.web.servlet.WebDriverTestExecutionListener@32f922a2, org.springframework.boot.test.autoconfigure.webservices.client.MockWebServiceServerTestExecutionListener@3efa7b44, org.springframework.boot.test.mock.mockito.ResetMocksTestExecutionListener@595e9d7]

  .   ____          _            __ _ _
 /\\ / ___'_ __ _ _(_)_ __  __ _ \ \ \ \
( ( )\___ | '_ | '_| | '_ \/ _` | \ \ \ \
 \\/  ___)| |_)| | | | | || (_| |  ) ) ) )
  '  |____| .__|_| |_|_| |_\__, | / / / /
 =========|_|==============|___/=/_/_/_/
 :: Spring Boot ::                (v2.4.1)

2022-06-30 11:59:26.023  INFO 20180 --- [    Test worker] c.s.springboot.web.HelloControllerTest   : Starting HelloControllerTest using Java 1.8.0_321 on DESKTOP-R8G7MVN with PID 20180 (started by USER in D:\workspace\OAuth2\study01-springboot2-webservice)
2022-06-30 11:59:26.023  INFO 20180 --- [    Test worker] c.s.springboot.web.HelloControllerTest   : No active profile set, falling back to default profiles: default
2022-06-30 11:59:26.519  INFO 20180 --- [    Test worker] o.s.s.concurrent.ThreadPoolTaskExecutor  : Initializing ExecutorService 'applicationTaskExecutor'
2022-06-30 11:59:26.565  INFO 20180 --- [    Test worker] o.s.b.a.w.s.WelcomePageHandlerMapping    : Adding welcome page template: index
2022-06-30 11:59:26.973  INFO 20180 --- [    Test worker] o.s.s.web.DefaultSecurityFilterChain     : Will secure any request with [org.springframework.security.web.context.request.async.WebAsyncManagerIntegrationFilter@21bea957, org.springframework.security.web.context.SecurityContextPersistenceFilter@5fa840ca, org.springframework.security.web.header.HeaderWriterFilter@5b0adb28, org.springframework.security.web.csrf.CsrfFilter@3e48708d, org.springframework.security.web.authentication.logout.LogoutFilter@45ea75c, org.springframework.security.oauth2.client.web.OAuth2AuthorizationRequestRedirectFilter@43ea0815, org.springframework.security.oauth2.client.web.OAuth2AuthorizationRequestRedirectFilter@dcd9bd2, org.springframework.security.oauth2.client.web.OAuth2LoginAuthenticationFilter@4aa042d, org.springframework.security.web.authentication.ui.DefaultLoginPageGeneratingFilter@6b35c12e, org.springframework.security.web.authentication.ui.DefaultLogoutPageGeneratingFilter@3026d8cd, org.springframework.security.web.savedrequest.RequestCacheAwareFilter@6ad0ba9b, org.springframework.security.web.servletapi.SecurityContextHolderAwareRequestFilter@670eef72, org.springframework.security.web.authentication.AnonymousAuthenticationFilter@6f85fd88, org.springframework.security.oauth2.client.web.OAuth2AuthorizationCodeGrantFilter@7a04af1e, org.springframework.security.web.session.SessionManagementFilter@263b04dc, org.springframework.security.web.access.ExceptionTranslationFilter@5a2dec08, org.springframework.security.web.access.intercept.FilterSecurityInterceptor@3e750370]
2022-06-30 11:59:27.098  INFO 20180 --- [    Test worker] o.s.b.t.m.w.SpringBootMockServletContext : Initializing Spring TestDispatcherServlet ''
2022-06-30 11:59:27.098  INFO 20180 --- [    Test worker] o.s.t.web.servlet.TestDispatcherServlet  : Initializing Servlet ''
2022-06-30 11:59:27.098  INFO 20180 --- [    Test worker] o.s.t.web.servlet.TestDispatcherServlet  : Completed initialization in 0 ms
2022-06-30 11:59:27.114  INFO 20180 --- [    Test worker] c.s.springboot.web.HelloControllerTest   : Started HelloControllerTest in 1.119 seconds (JVM running for 11.02)
]]></system-out>
  <system-err><![CDATA[]]></system-err>
</testsuite>
