<?xml version="1.0" encoding="UTF-8"?>
<testsuite name="com.study01.springboot.web.domain.posts.PostsRepositoryTest" tests="2" skipped="0" failures="0" errors="0" timestamp="2022-06-15T07:00:06" hostname="MacBookAir.local" time="0.212">
  <properties/>
  <testcase name="게시글저장_불러오기()" classname="com.study01.springboot.web.domain.posts.PostsRepositoryTest" time="0.188"/>
  <testcase name="BaseTimeEntity_등록()" classname="com.study01.springboot.web.domain.posts.PostsRepositoryTest" time="0.018"/>
  <system-out><![CDATA[2022-06-15 16:00:00.975  INFO 62554 --- [    Test worker] .b.t.c.SpringBootTestContextBootstrapper : Neither @ContextConfiguration nor @ContextHierarchy found for test class [com.study01.springboot.web.domain.posts.PostsRepositoryTest], using SpringBootContextLoader
2022-06-15 16:00:00.977  INFO 62554 --- [    Test worker] o.s.t.c.support.AbstractContextLoader    : Could not detect default resource locations for test class [com.study01.springboot.web.domain.posts.PostsRepositoryTest]: no resource found for suffixes {-context.xml, Context.groovy}.
2022-06-15 16:00:00.977  INFO 62554 --- [    Test worker] t.c.s.AnnotationConfigContextLoaderUtils : Could not detect default configuration classes for test class [com.study01.springboot.web.domain.posts.PostsRepositoryTest]: PostsRepositoryTest does not declare any static, non-private, non-final, nested classes annotated with @Configuration.
2022-06-15 16:00:01.003  INFO 62554 --- [    Test worker] .b.t.c.SpringBootTestContextBootstrapper : Found @SpringBootConfiguration com.study01.springboot.Application for test class com.study01.springboot.web.domain.posts.PostsRepositoryTest
2022-06-15 16:00:01.016  INFO 62554 --- [    Test worker] .b.t.c.SpringBootTestContextBootstrapper : Loaded default TestExecutionListener class names from location [META-INF/spring.factories]: [org.springframework.security.test.context.support.WithSecurityContextTestExecutionListener, org.springframework.security.test.context.support.ReactorContextTestExecutionListener, org.springframework.boot.test.autoconfigure.restdocs.RestDocsTestExecutionListener, org.springframework.boot.test.autoconfigure.web.client.MockRestServiceServerResetTestExecutionListener, org.springframework.boot.test.autoconfigure.web.servlet.MockMvcPrintOnlyOnFailureTestExecutionListener, org.springframework.boot.test.autoconfigure.web.servlet.WebDriverTestExecutionListener, org.springframework.boot.test.autoconfigure.webservices.client.MockWebServiceServerTestExecutionListener, org.springframework.boot.test.mock.mockito.MockitoTestExecutionListener, org.springframework.boot.test.mock.mockito.ResetMocksTestExecutionListener, org.springframework.test.context.web.ServletTestExecutionListener, org.springframework.test.context.support.DirtiesContextBeforeModesTestExecutionListener, org.springframework.test.context.support.DependencyInjectionTestExecutionListener, org.springframework.test.context.support.DirtiesContextTestExecutionListener, org.springframework.test.context.transaction.TransactionalTestExecutionListener, org.springframework.test.context.jdbc.SqlScriptsTestExecutionListener, org.springframework.test.context.event.EventPublishingTestExecutionListener]
2022-06-15 16:00:01.017  INFO 62554 --- [    Test worker] .b.t.c.SpringBootTestContextBootstrapper : Using TestExecutionListeners: [org.springframework.test.context.web.ServletTestExecutionListener@6fba0b95, org.springframework.test.context.support.DirtiesContextBeforeModesTestExecutionListener@217af4da, org.springframework.boot.test.mock.mockito.MockitoTestExecutionListener@73c7bfce, org.springframework.boot.test.autoconfigure.SpringBootDependencyInjectionTestExecutionListener@3690dcab, org.springframework.test.context.support.DirtiesContextTestExecutionListener@9498f4f, org.springframework.test.context.transaction.TransactionalTestExecutionListener@7fe36698, org.springframework.test.context.jdbc.SqlScriptsTestExecutionListener@31948f65, org.springframework.security.test.context.support.WithSecurityContextTestExecutionListener@1d16878, org.springframework.test.context.event.EventPublishingTestExecutionListener@4427bcfa, org.springframework.security.test.context.support.ReactorContextTestExecutionListener@2014c540, org.springframework.boot.test.autoconfigure.restdocs.RestDocsTestExecutionListener@35ee9980, org.springframework.boot.test.autoconfigure.web.client.MockRestServiceServerResetTestExecutionListener@3f76b5ed, org.springframework.boot.test.autoconfigure.web.servlet.MockMvcPrintOnlyOnFailureTestExecutionListener@46cf0e95, org.springframework.boot.test.autoconfigure.web.servlet.WebDriverTestExecutionListener@40f7edc9, org.springframework.boot.test.autoconfigure.webservices.client.MockWebServiceServerTestExecutionListener@1144ece, org.springframework.boot.test.mock.mockito.ResetMocksTestExecutionListener@bc74adc]

  .   ____          _            __ _ _
 /\\ / ___'_ __ _ _(_)_ __  __ _ \ \ \ \
( ( )\___ | '_ | '_| | '_ \/ _` | \ \ \ \
 \\/  ___)| |_)| | | | | || (_| |  ) ) ) )
  '  |____| .__|_| |_|_| |_\__, | / / / /
 =========|_|==============|___/=/_/_/_/
 :: Spring Boot ::                (v2.4.1)

2022-06-15 16:00:01.083  INFO 62554 --- [    Test worker] c.s.s.w.d.posts.PostsRepositoryTest      : Starting PostsRepositoryTest using Java 1.8.0_321 on MacBookAir.local with PID 62554 (started by isujeong in /Users/isujeong/IdeaProjects/springboot/study01-springboot2-webservice)
2022-06-15 16:00:01.084  INFO 62554 --- [    Test worker] c.s.s.w.d.posts.PostsRepositoryTest      : No active profile set, falling back to default profiles: default
2022-06-15 16:00:01.885  INFO 62554 --- [    Test worker] .s.d.r.c.RepositoryConfigurationDelegate : Bootstrapping Spring Data JPA repositories in DEFAULT mode.
2022-06-15 16:00:01.959  INFO 62554 --- [    Test worker] .s.d.r.c.RepositoryConfigurationDelegate : Finished Spring Data repository scanning in 67 ms. Found 2 JPA repository interfaces.
2022-06-15 16:00:02.718  INFO 62554 --- [    Test worker] com.zaxxer.hikari.HikariDataSource       : HikariPool-1 - Starting...
2022-06-15 16:00:02.852  INFO 62554 --- [    Test worker] com.zaxxer.hikari.HikariDataSource       : HikariPool-1 - Start completed.
2022-06-15 16:00:02.967  INFO 62554 --- [    Test worker] o.hibernate.jpa.internal.util.LogHelper  : HHH000204: Processing PersistenceUnitInfo [name: default]
2022-06-15 16:00:03.017  INFO 62554 --- [    Test worker] org.hibernate.Version                    : HHH000412: Hibernate ORM core version 5.4.25.Final
2022-06-15 16:00:03.059  INFO 62554 --- [    Test worker] o.hibernate.annotations.common.Version   : HCANN000001: Hibernate Commons Annotations {5.1.2.Final}
2022-06-15 16:00:03.169  INFO 62554 --- [    Test worker] org.hibernate.dialect.Dialect            : HHH000400: Using dialect: org.hibernate.dialect.MySQL57Dialect
Hibernate: drop table if exists posts
Hibernate: drop table if exists user
Hibernate: create table posts (id bigint not null auto_increment, created_date datetime(6), modified_date datetime(6), author varchar(255), content TEXT not null, title varchar(500) not null, primary key (id)) engine=InnoDB
Hibernate: create table user (id bigint not null auto_increment, created_date datetime(6), modified_date datetime(6), birthdate varchar(255), email varchar(255) not null, gender varchar(255), mobile varchar(255), name varchar(255) not null, nickname varchar(255), role varchar(255) not null, primary key (id)) engine=InnoDB
2022-06-15 16:00:03.928  INFO 62554 --- [    Test worker] o.h.e.t.j.p.i.JtaPlatformInitiator       : HHH000490: Using JtaPlatform implementation: [org.hibernate.engine.transaction.jta.platform.internal.NoJtaPlatform]
2022-06-15 16:00:03.934  INFO 62554 --- [    Test worker] j.LocalContainerEntityManagerFactoryBean : Initialized JPA EntityManagerFactory for persistence unit 'default'
2022-06-15 16:00:04.624  WARN 62554 --- [    Test worker] JpaBaseConfiguration$JpaWebConfiguration : spring.jpa.open-in-view is enabled by default. Therefore, database queries may be performed during view rendering. Explicitly configure spring.jpa.open-in-view to disable this warning
2022-06-15 16:00:05.175  INFO 62554 --- [    Test worker] o.s.s.web.DefaultSecurityFilterChain     : Will secure any request with [org.springframework.security.web.context.request.async.WebAsyncManagerIntegrationFilter@34c893f5, org.springframework.security.web.context.SecurityContextPersistenceFilter@66d803be, org.springframework.security.web.header.HeaderWriterFilter@163f8d81, org.springframework.security.web.authentication.logout.LogoutFilter@41b5a2ab, org.springframework.security.oauth2.client.web.OAuth2AuthorizationRequestRedirectFilter@2eda2701, org.springframework.security.oauth2.client.web.OAuth2LoginAuthenticationFilter@598dff0, org.springframework.security.web.authentication.ui.DefaultLoginPageGeneratingFilter@4c06eec0, org.springframework.security.web.authentication.ui.DefaultLogoutPageGeneratingFilter@40d4d028, org.springframework.security.web.savedrequest.RequestCacheAwareFilter@c94fdff, org.springframework.security.web.servletapi.SecurityContextHolderAwareRequestFilter@662d3a69, org.springframework.security.web.authentication.AnonymousAuthenticationFilter@3fc9051c, org.springframework.security.web.session.SessionManagementFilter@6d08f135, org.springframework.security.web.access.ExceptionTranslationFilter@4b84345e, org.springframework.security.web.access.intercept.FilterSecurityInterceptor@6bc3f579]
2022-06-15 16:00:05.576  INFO 62554 --- [    Test worker] o.s.s.concurrent.ThreadPoolTaskExecutor  : Initializing ExecutorService 'applicationTaskExecutor'
2022-06-15 16:00:05.681  INFO 62554 --- [    Test worker] o.s.b.a.h2.H2ConsoleAutoConfiguration    : H2 console available at '/h2-console'. Database available at 'jdbc:h2:mem:testdb'
2022-06-15 16:00:05.743  INFO 62554 --- [    Test worker] o.s.b.a.w.s.WelcomePageHandlerMapping    : Adding welcome page template: index
2022-06-15 16:00:06.227  INFO 62554 --- [    Test worker] s.a.ScheduledAnnotationBeanPostProcessor : No TaskScheduler/ScheduledExecutorService bean found for scheduled processing
2022-06-15 16:00:06.233  INFO 62554 --- [    Test worker] c.s.s.w.d.posts.PostsRepositoryTest      : Started PostsRepositoryTest in 5.214 seconds (JVM running for 10.76)
Hibernate: insert into posts (created_date, modified_date, author, content, title) values (?, ?, ?, ?, ?)
Hibernate: select posts0_.id as id1_0_, posts0_.created_date as created_2_0_, posts0_.modified_date as modified3_0_, posts0_.author as author4_0_, posts0_.content as content5_0_, posts0_.title as title6_0_ from posts posts0_
Hibernate: select posts0_.id as id1_0_, posts0_.created_date as created_2_0_, posts0_.modified_date as modified3_0_, posts0_.author as author4_0_, posts0_.content as content5_0_, posts0_.title as title6_0_ from posts posts0_
Hibernate: delete from posts where id=?
Hibernate: insert into posts (created_date, modified_date, author, content, title) values (?, ?, ?, ?, ?)
Hibernate: select posts0_.id as id1_0_, posts0_.created_date as created_2_0_, posts0_.modified_date as modified3_0_, posts0_.author as author4_0_, posts0_.content as content5_0_, posts0_.title as title6_0_ from posts posts0_
>>>>>>>>>>> createDate=2022-06-15T16:00:06.454,modifiedDate =2022-06-15T16:00:06.454
Hibernate: select posts0_.id as id1_0_, posts0_.created_date as created_2_0_, posts0_.modified_date as modified3_0_, posts0_.author as author4_0_, posts0_.content as content5_0_, posts0_.title as title6_0_ from posts posts0_
Hibernate: delete from posts where id=?
]]></system-out>
  <system-err><![CDATA[]]></system-err>
</testsuite>
